2020-03-07 18:04:35,573 - instabot version: 0.113.0 (bot) - INFO - Instabot version: 0.113.0 Started
2020-03-07 18:04:35,573 - instabot version: 0.113.0 (bot) - DEBUG - Bot imported from /Users/niels/Documents/instabot/examples/../instabot/bot/bot.py
2020-03-07 18:04:36,593 - instabot version: 0.113.0 (api_login) - DEBUG - Loading cookies
2020-03-07 18:04:36,594 - instabot version: 0.113.0 (api_login) - DEBUG - Loading uuids
2020-03-07 18:04:36,594 - instabot version: 0.113.0 (api_login) - INFO - Recovery from /Users/niels/Documents/instabot/examples/config/dronevlieger_uuid_and_cookie.json: COOKIE True - UUIDs True - TIMING, DEVICE and ...
- user-agent=Instagram 130.0.0.31.121 Android (29/10.0; 420dpi; 1080x2340; OnePlus; GM1903; OnePlus7; qcom; en_US; 168361634)
- phone_id=462c50c9-ceb2-461b-bca2-eb445832ad0b
- uuid=f4a4b377-c103-4856-abaa-6312a5d2cef8
- client_session_id=4f414a7d-ac7d-4978-ba81-27bf912749cb
- device_id=android-e686a39202eb9294
2020-03-07 18:04:36,595 - instabot version: 0.113.0 (api_login) - INFO - LOGIN FLOW! Just logged-in: False
2020-03-07 18:04:38,863 - instabot version: 0.113.0 (api) - DEBUG - POST to endpoint: feed/timeline/ returned response: <Response [200]>
2020-03-07 18:04:40,099 - instabot version: 0.113.0 (api) - DEBUG - POST to endpoint: feed/reels_tray/ returned response: <Response [200]>
2020-03-07 18:04:40,102 - instabot version: 0.113.0 (api) - INFO - Logged-in successfully as 'dronevlieger'!
2020-03-07 18:04:40,103 - instabot version: 0.113.0 (bot_checkpoint) - DEBUG - Loading Checkpoint file from: /Users/niels/Documents/instabot/examples/config/dronevlieger.checkpoint
2020-03-07 18:05:29,660 - instabot version: 0.113.0 (bot_like) - INFO - Going to like media with hashtag #dronevlieger.
2020-03-07 18:05:33,478 - instabot version: 0.113.0 (api) - DEBUG - GET to endpoint: feed/tag/dronevlieger/?max_id=&rank_token=1689765421_f4a4b377-c103-4856-abaa-6312a5d2cef8&ranked_content=true& returned response: <Response [200]>
2020-03-07 18:05:33,821 - instabot version: 0.113.0 (api) - DEBUG - GET to endpoint: tags/search/?is_typeahead=true&q=dronevlieger&rank_token=1689765421_f4a4b377-c103-4856-abaa-6312a5d2cef8 returned response: <Response [200]>
2020-03-07 18:05:33,822 - instabot version: 0.113.0 (bot_like) - INFO - Going to like 86 medias.
2020-03-07 18:05:34,156 - instabot version: 0.113.0 (api) - DEBUG - GET to endpoint: media/2259579987533678731_2349198796/info/ returned response: <Response [200]>
2020-03-07 18:05:34,500 - instabot version: 0.113.0 (api) - DEBUG - GET to endpoint: media/2259579987533678731_2349198796/info/ returned response: <Response [200]>
2020-03-07 18:05:34,831 - instabot version: 0.113.0 (api) - DEBUG - GET to endpoint: media/2259579987533678731_2349198796/comments/ returned response: <Response [200]>
2020-03-07 18:05:56,715 - instabot version: 0.113.0 (api) - DEBUG - GET to endpoint: media/2259469651452854676_22969803623/info/ returned response: <Response [200]>
2020-03-07 18:05:57,030 - instabot version: 0.113.0 (api) - DEBUG - GET to endpoint: media/2259469651452854676_22969803623/info/ returned response: <Response [200]>
2020-03-07 18:05:57,374 - instabot version: 0.113.0 (api) - DEBUG - GET to endpoint: media/2259469651452854676_22969803623/comments/ returned response: <Response [200]>
2020-03-07 18:06:12,702 - instabot version: 0.113.0 (api) - DEBUG - GET to endpoint: media/2259165844105136051_12643647292/info/ returned response: <Response [200]>
2020-03-07 18:06:13,024 - instabot version: 0.113.0 (api) - DEBUG - GET to endpoint: media/2259165844105136051_12643647292/info/ returned response: <Response [200]>
2020-03-07 18:06:13,344 - instabot version: 0.113.0 (api) - DEBUG - GET to endpoint: media/2259165844105136051_12643647292/comments/ returned response: <Response [200]>
2020-03-07 18:06:33,744 - instabot version: 0.113.0 (api) - DEBUG - GET to endpoint: media/2258834142756537877_180243762/info/ returned response: <Response [200]>
2020-03-07 18:06:34,176 - instabot version: 0.113.0 (api) - DEBUG - GET to endpoint: media/2258834142756537877_180243762/info/ returned response: <Response [200]>
2020-03-07 18:06:34,504 - instabot version: 0.113.0 (api) - DEBUG - GET to endpoint: media/2258834142756537877_180243762/comments/ returned response: <Response [200]>
2020-03-07 18:06:57,696 - instabot version: 0.113.0 (api) - DEBUG - GET to endpoint: media/2258659612307583641_1519045214/info/ returned response: <Response [200]>
2020-03-07 18:06:57,974 - instabot version: 0.113.0 (api) - DEBUG - GET to endpoint: media/2258659612307583641_1519045214/info/ returned response: <Response [200]>
2020-03-07 18:06:58,238 - instabot version: 0.113.0 (api) - DEBUG - GET to endpoint: media/2258659612307583641_1519045214/comments/ returned response: <Response [200]>
2020-03-07 18:07:26,928 - instabot version: 0.113.0 (api) - DEBUG - GET to endpoint: media/2258585443188583534_191478784/info/ returned response: <Response [200]>
2020-03-07 18:07:27,228 - instabot version: 0.113.0 (api) - DEBUG - GET to endpoint: media/2258585443188583534_191478784/info/ returned response: <Response [200]>
2020-03-07 18:07:27,506 - instabot version: 0.113.0 (api) - DEBUG - GET to endpoint: media/2258585443188583534_191478784/comments/ returned response: <Response [200]>
2020-03-07 18:07:49,368 - instabot version: 0.113.0 (api) - DEBUG - GET to endpoint: media/2258571732906346384_8463807667/info/ returned response: <Response [200]>
2020-03-07 18:07:49,965 - instabot version: 0.113.0 (api) - DEBUG - GET to endpoint: media/2258571732906346384_8463807667/info/ returned response: <Response [200]>
2020-03-07 18:07:50,577 - instabot version: 0.113.0 (api) - DEBUG - GET to endpoint: media/2258571732906346384_8463807667/comments/ returned response: <Response [200]>
2020-03-07 18:08:07,280 - instabot version: 0.113.0 (api) - DEBUG - GET to endpoint: media/2258387761085903890_22969803623/info/ returned response: <Response [200]>
2020-03-07 18:08:07,953 - instabot version: 0.113.0 (api) - DEBUG - GET to endpoint: media/2258387761085903890_22969803623/info/ returned response: <Response [200]>
2020-03-07 18:08:08,586 - instabot version: 0.113.0 (api) - DEBUG - GET to endpoint: media/2258387761085903890_22969803623/comments/ returned response: <Response [200]>
2020-03-07 18:08:40,869 - instabot version: 0.113.0 (api) - DEBUG - GET to endpoint: media/2258380765658039285_191478784/info/ returned response: <Response [200]>
2020-03-07 18:08:41,472 - instabot version: 0.113.0 (api) - DEBUG - GET to endpoint: media/2258380765658039285_191478784/info/ returned response: <Response [200]>
2020-03-07 18:08:42,095 - instabot version: 0.113.0 (api) - DEBUG - GET to endpoint: media/2258380765658039285_191478784/comments/ returned response: <Response [200]>
2020-03-07 18:08:59,287 - instabot version: 0.113.0 (api) - DEBUG - GET to endpoint: media/2258334588551960654_191478784/info/ returned response: <Response [200]>
2020-03-07 18:08:59,882 - instabot version: 0.113.0 (api) - DEBUG - GET to endpoint: media/2258334588551960654_191478784/info/ returned response: <Response [200]>
2020-03-07 18:09:00,443 - instabot version: 0.113.0 (api) - DEBUG - GET to endpoint: media/2258334588551960654_191478784/comments/ returned response: <Response [200]>
2020-03-07 18:09:31,098 - instabot version: 0.113.0 (api) - DEBUG - GET to endpoint: media/2258160533165087044_234736757/info/ returned response: <Response [200]>
2020-03-07 18:09:31,399 - instabot version: 0.113.0 (api) - DEBUG - GET to endpoint: media/2258160533165087044_234736757/info/ returned response: <Response [200]>
2020-03-07 18:09:31,675 - instabot version: 0.113.0 (api) - DEBUG - GET to endpoint: media/2258160533165087044_234736757/comments/ returned response: <Response [200]>
2020-03-07 18:09:58,774 - instabot version: 0.113.0 (api) - DEBUG - GET to endpoint: media/2257936367514088074_1519045214/info/ returned response: <Response [200]>
2020-03-07 18:09:59,061 - instabot version: 0.113.0 (api) - DEBUG - GET to endpoint: media/2257936367514088074_1519045214/info/ returned response: <Response [200]>
2020-03-07 18:09:59,326 - instabot version: 0.113.0 (api) - DEBUG - GET to endpoint: media/2257936367514088074_1519045214/comments/ returned response: <Response [200]>
2020-03-07 18:10:28,638 - instabot version: 0.113.0 (api) - DEBUG - GET to endpoint: media/2257924024860352962_546137271/info/ returned response: <Response [200]>
2020-03-07 18:10:28,974 - instabot version: 0.113.0 (api) - DEBUG - GET to endpoint: media/2257924024860352962_546137271/info/ returned response: <Response [200]>
2020-03-07 18:10:29,385 - instabot version: 0.113.0 (api) - DEBUG - GET to endpoint: media/2257924024860352962_546137271/comments/ returned response: <Response [200]>
2020-03-07 18:10:49,984 - instabot version: 0.113.0 (api) - DEBUG - GET to endpoint: media/2257745741816327233_8463807667/info/ returned response: <Response [200]>
2020-03-07 18:10:50,271 - instabot version: 0.113.0 (api) - DEBUG - GET to endpoint: media/2257745741816327233_8463807667/info/ returned response: <Response [200]>
2020-03-07 18:10:50,545 - instabot version: 0.113.0 (api) - DEBUG - GET to endpoint: media/2257745741816327233_8463807667/comments/ returned response: <Response [200]>
2020-03-07 18:11:06,067 - instabot version: 0.113.0 (api) - DEBUG - GET to endpoint: media/2257728101966291641_234736757/info/ returned response: <Response [200]>
2020-03-07 18:11:06,402 - instabot version: 0.113.0 (api) - DEBUG - GET to endpoint: media/2257728101966291641_234736757/info/ returned response: <Response [200]>
2020-03-07 18:11:06,720 - instabot version: 0.113.0 (api) - DEBUG - GET to endpoint: media/2257728101966291641_234736757/comments/ returned response: <Response [200]>
2020-03-07 18:11:07,141 - instabot version: 0.113.0 (api) - DEBUG - GET to endpoint: media/2257728101966291641_234736757/info/ returned response: <Response [200]>
2020-03-07 18:11:07,141 - instabot version: 0.113.0 (api) - DEBUG - post data: {"inventory_source": "media_or_ad", "media_id": "2257728101966291641_234736757", "_csrftoken": "JuqSJmFtuE6RneCr75nQyCOGOjV84GNx", "radio_type": "wifi-none", "_uid": "1689765421", "_uuid": "f4a4b377-c103-4856-abaa-6312a5d2cef8", "is_carousel_bumped_post": "false", "container_module": "feed_contextual_hashtag", "feed_position": "14", "device_id": "android-e686a39202eb9294", "hashtag_name": "dronevlieger", "hashtag_id": 17843070307004940}
2020-03-07 18:11:08,024 - instabot version: 0.113.0 (api) - DEBUG - POST to endpoint: media/2257728101966291641_234736757/like/ returned response: <Response [200]>
2020-03-07 18:11:08,024 - instabot version: 0.113.0 (bot_like) - INFO - Liked media 2257728101966291641_234736757.
2020-03-07 18:11:42,173 - instabot version: 0.113.0 (api) - DEBUG - GET to endpoint: media/2257531485946682092_546137271/info/ returned response: <Response [200]>
2020-03-07 18:11:42,501 - instabot version: 0.113.0 (api) - DEBUG - GET to endpoint: media/2257531485946682092_546137271/info/ returned response: <Response [200]>
2020-03-07 18:11:42,893 - instabot version: 0.113.0 (api) - DEBUG - GET to endpoint: media/2257531485946682092_546137271/comments/ returned response: <Response [200]>
2020-03-07 18:12:04,957 - instabot version: 0.113.0 (api) - DEBUG - GET to endpoint: media/2257419730695941273_345898771/info/ returned response: <Response [200]>
2020-03-07 18:12:05,277 - instabot version: 0.113.0 (api) - DEBUG - GET to endpoint: media/2257419730695941273_345898771/info/ returned response: <Response [200]>
2020-03-07 18:12:05,553 - instabot version: 0.113.0 (api) - DEBUG - GET to endpoint: media/2257419730695941273_345898771/comments/ returned response: <Response [200]>
2020-03-07 18:12:36,254 - instabot version: 0.113.0 (api) - DEBUG - GET to endpoint: media/2257151504754338072_1519045214/info/ returned response: <Response [200]>
2020-03-07 18:12:36,545 - instabot version: 0.113.0 (api) - DEBUG - GET to endpoint: media/2257151504754338072_1519045214/info/ returned response: <Response [200]>
2020-03-07 18:12:36,809 - instabot version: 0.113.0 (api) - DEBUG - GET to endpoint: media/2257151504754338072_1519045214/comments/ returned response: <Response [200]>
2020-03-07 18:13:02,370 - instabot version: 0.113.0 (api) - DEBUG - GET to endpoint: media/2256905560522167127_180243762/info/ returned response: <Response [200]>
2020-03-07 18:13:02,684 - instabot version: 0.113.0 (api) - DEBUG - GET to endpoint: media/2256905560522167127_180243762/info/ returned response: <Response [200]>
2020-03-07 18:13:03,006 - instabot version: 0.113.0 (api) - DEBUG - GET to endpoint: media/2256905560522167127_180243762/comments/ returned response: <Response [200]>
2020-03-07 18:13:23,325 - instabot version: 0.113.0 (api) - DEBUG - GET to endpoint: media/2256749356103156442_234736757/info/ returned response: <Response [200]>
2020-03-07 18:13:23,659 - instabot version: 0.113.0 (api) - DEBUG - GET to endpoint: media/2256749356103156442_234736757/info/ returned response: <Response [200]>
2020-03-07 18:13:23,989 - instabot version: 0.113.0 (api) - DEBUG - GET to endpoint: media/2256749356103156442_234736757/comments/ returned response: <Response [200]>
2020-03-07 18:13:39,562 - instabot version: 0.113.0 (api) - DEBUG - GET to endpoint: media/2256588166802653272_1519045214/info/ returned response: <Response [200]>
2020-03-07 18:13:39,856 - instabot version: 0.113.0 (api) - DEBUG - GET to endpoint: media/2256588166802653272_1519045214/info/ returned response: <Response [200]>
2020-03-07 18:13:40,123 - instabot version: 0.113.0 (api) - DEBUG - GET to endpoint: media/2256588166802653272_1519045214/comments/ returned response: <Response [200]>
2020-03-07 18:14:13,956 - instabot version: 0.113.0 (api) - DEBUG - GET to endpoint: media/2255728600275694428_546137271/info/ returned response: <Response [200]>
2020-03-07 18:14:14,321 - instabot version: 0.113.0 (api) - DEBUG - GET to endpoint: media/2255728600275694428_546137271/info/ returned response: <Response [200]>
2020-03-07 18:14:14,717 - instabot version: 0.113.0 (api) - DEBUG - GET to endpoint: media/2255728600275694428_546137271/comments/ returned response: <Response [200]>
2020-03-07 18:14:41,774 - instabot version: 0.113.0 (api) - DEBUG - GET to endpoint: media/2255370710918369623_22969803623/info/ returned response: <Response [200]>
2020-03-07 18:14:42,087 - instabot version: 0.113.0 (api) - DEBUG - GET to endpoint: media/2255370710918369623_22969803623/info/ returned response: <Response [200]>
2020-03-07 18:14:42,382 - instabot version: 0.113.0 (api) - DEBUG - GET to endpoint: media/2255370710918369623_22969803623/comments/ returned response: <Response [200]>
2020-03-07 18:15:13,280 - instabot version: 0.113.0 (api) - DEBUG - GET to endpoint: media/2255149062915279770_22969803623/info/ returned response: <Response [200]>
2020-03-07 18:15:13,606 - instabot version: 0.113.0 (api) - DEBUG - GET to endpoint: media/2255149062915279770_22969803623/info/ returned response: <Response [200]>
2020-03-07 18:15:13,947 - instabot version: 0.113.0 (api) - DEBUG - GET to endpoint: media/2255149062915279770_22969803623/comments/ returned response: <Response [200]>
2020-03-07 18:15:30,082 - instabot version: 0.113.0 (api) - DEBUG - GET to endpoint: media/2254244802472139839_8463807667/info/ returned response: <Response [200]>
2020-03-07 18:15:30,407 - instabot version: 0.113.0 (api) - DEBUG - GET to endpoint: media/2254244802472139839_8463807667/info/ returned response: <Response [200]>
2020-03-07 18:15:30,718 - instabot version: 0.113.0 (api) - DEBUG - GET to endpoint: media/2254244802472139839_8463807667/comments/ returned response: <Response [200]>
2020-03-07 18:16:02,747 - instabot version: 0.113.0 (api) - DEBUG - GET to endpoint: media/2254075276445603386_180243762/info/ returned response: <Response [200]>
2020-03-07 18:16:03,054 - instabot version: 0.113.0 (api) - DEBUG - GET to endpoint: media/2254075276445603386_180243762/info/ returned response: <Response [200]>
2020-03-07 18:16:03,358 - instabot version: 0.113.0 (api) - DEBUG - GET to endpoint: media/2254075276445603386_180243762/comments/ returned response: <Response [200]>
2020-03-07 18:16:32,139 - instabot version: 0.113.0 (api) - DEBUG - GET to endpoint: media/2254016678327630679_512169708/info/ returned response: <Response [200]>
2020-03-07 18:16:32,464 - instabot version: 0.113.0 (api) - DEBUG - GET to endpoint: media/2254016678327630679_512169708/info/ returned response: <Response [200]>
2020-03-07 18:16:32,731 - instabot version: 0.113.0 (api) - DEBUG - GET to endpoint: media/2254016678327630679_512169708/comments/ returned response: <Response [200]>
2020-03-07 18:16:57,466 - instabot version: 0.113.0 (api) - DEBUG - GET to endpoint: media/2253901846154075693_22969803623/info/ returned response: <Response [200]>
2020-03-07 18:16:57,800 - instabot version: 0.113.0 (api) - DEBUG - GET to endpoint: media/2253901846154075693_22969803623/info/ returned response: <Response [200]>
2020-03-07 18:16:58,150 - instabot version: 0.113.0 (api) - DEBUG - GET to endpoint: media/2253901846154075693_22969803623/comments/ returned response: <Response [200]>
2020-03-07 18:17:26,466 - instabot version: 0.113.0 (api) - DEBUG - GET to endpoint: media/2253321833159828835_8463807667/info/ returned response: <Response [200]>
2020-03-07 18:17:26,828 - instabot version: 0.113.0 (api) - DEBUG - GET to endpoint: media/2253321833159828835_8463807667/info/ returned response: <Response [200]>
2020-03-07 18:17:27,151 - instabot version: 0.113.0 (api) - DEBUG - GET to endpoint: media/2253321833159828835_8463807667/comments/ returned response: <Response [200]>
2020-03-07 18:17:55,854 - instabot version: 0.113.0 (api) - DEBUG - GET to endpoint: media/2253205812512200061_21042636454/info/ returned response: <Response [200]>
2020-03-07 18:17:56,184 - instabot version: 0.113.0 (api) - DEBUG - GET to endpoint: media/2253205812512200061_21042636454/info/ returned response: <Response [200]>
2020-03-07 18:17:56,523 - instabot version: 0.113.0 (api) - DEBUG - GET to endpoint: media/2253205812512200061_21042636454/comments/ returned response: <Response [200]>
2020-03-07 18:18:22,910 - instabot version: 0.113.0 (api) - DEBUG - GET to endpoint: media/2253162493807364235_22969803623/info/ returned response: <Response [200]>
2020-03-07 18:18:23,218 - instabot version: 0.113.0 (api) - DEBUG - GET to endpoint: media/2253162493807364235_22969803623/info/ returned response: <Response [200]>
2020-03-07 18:18:23,556 - instabot version: 0.113.0 (api) - DEBUG - GET to endpoint: media/2253162493807364235_22969803623/comments/ returned response: <Response [200]>
2020-03-07 18:18:42,773 - instabot version: 0.113.0 (api) - DEBUG - GET to endpoint: media/2252717930533797765_234736757/info/ returned response: <Response [200]>
2020-03-07 18:18:43,246 - instabot version: 0.113.0 (api) - DEBUG - GET to endpoint: media/2252717930533797765_234736757/info/ returned response: <Response [200]>
2020-03-07 18:18:43,575 - instabot version: 0.113.0 (api) - DEBUG - GET to endpoint: media/2252717930533797765_234736757/comments/ returned response: <Response [200]>
2020-03-07 18:19:06,442 - instabot version: 0.113.0 (api) - DEBUG - GET to endpoint: media/2252465031298746824_145787513/info/ returned response: <Response [200]>
2020-03-07 18:19:06,810 - instabot version: 0.113.0 (api) - DEBUG - GET to endpoint: media/2252465031298746824_145787513/info/ returned response: <Response [200]>
2020-03-07 18:19:07,138 - instabot version: 0.113.0 (api) - DEBUG - GET to endpoint: media/2252465031298746824_145787513/comments/ returned response: <Response [200]>
2020-03-07 18:19:36,755 - instabot version: 0.113.0 (api) - DEBUG - GET to endpoint: media/2252458396061005310_145787513/info/ returned response: <Response [200]>
2020-03-07 18:19:37,052 - instabot version: 0.113.0 (api) - DEBUG - GET to endpoint: media/2252458396061005310_145787513/info/ returned response: <Response [200]>
2020-03-07 18:19:37,325 - instabot version: 0.113.0 (api) - DEBUG - GET to endpoint: media/2252458396061005310_145787513/comments/ returned response: <Response [200]>
2020-03-07 18:20:09,647 - instabot version: 0.113.0 (api) - DEBUG - GET to endpoint: media/2251847937898314703_234736757/info/ returned response: <Response [200]>
2020-03-07 18:20:09,988 - instabot version: 0.113.0 (api) - DEBUG - GET to endpoint: media/2251847937898314703_234736757/info/ returned response: <Response [200]>
2020-03-07 18:20:10,287 - instabot version: 0.113.0 (api) - DEBUG - GET to endpoint: media/2251847937898314703_234736757/comments/ returned response: <Response [200]>
2020-03-07 18:20:31,113 - instabot version: 0.113.0 (api) - DEBUG - GET to endpoint: media/2251537962281733663_22969803623/info/ returned response: <Response [200]>
2020-03-07 18:20:31,556 - instabot version: 0.113.0 (api) - DEBUG - GET to endpoint: media/2251537962281733663_22969803623/info/ returned response: <Response [200]>
2020-03-07 18:20:31,938 - instabot version: 0.113.0 (api) - DEBUG - GET to endpoint: media/2251537962281733663_22969803623/comments/ returned response: <Response [200]>
2020-03-07 18:21:00,433 - instabot version: 0.113.0 (api) - DEBUG - GET to endpoint: media/2251401286222010040_1519045214/info/ returned response: <Response [200]>
2020-03-07 18:21:00,780 - instabot version: 0.113.0 (api) - DEBUG - GET to endpoint: media/2251401286222010040_1519045214/info/ returned response: <Response [200]>
2020-03-07 18:21:01,049 - instabot version: 0.113.0 (api) - DEBUG - GET to endpoint: media/2251401286222010040_1519045214/comments/ returned response: <Response [200]>
2020-03-07 18:21:34,816 - instabot version: 0.113.0 (api) - DEBUG - GET to endpoint: media/2251394014750111646_8463807667/info/ returned response: <Response [200]>
2020-03-07 18:21:35,450 - instabot version: 0.113.0 (api) - DEBUG - GET to endpoint: media/2251394014750111646_8463807667/info/ returned response: <Response [200]>
2020-03-07 18:21:36,124 - instabot version: 0.113.0 (api) - DEBUG - GET to endpoint: media/2251394014750111646_8463807667/comments/ returned response: <Response [200]>
2020-03-07 18:22:07,614 - instabot version: 0.113.0 (api) - DEBUG - GET to endpoint: media/2251381174122120886_7569536687/info/ returned response: <Response [200]>
2020-03-07 18:22:08,243 - instabot version: 0.113.0 (api) - DEBUG - GET to endpoint: media/2251381174122120886_7569536687/info/ returned response: <Response [200]>
2020-03-07 18:22:08,849 - instabot version: 0.113.0 (api) - DEBUG - GET to endpoint: media/2251381174122120886_7569536687/comments/ returned response: <Response [200]>
2020-03-07 18:22:38,510 - instabot version: 0.113.0 (api) - DEBUG - GET to endpoint: media/2251215906281361014_234736757/info/ returned response: <Response [200]>
2020-03-07 18:22:39,149 - instabot version: 0.113.0 (api) - DEBUG - GET to endpoint: media/2251215906281361014_234736757/info/ returned response: <Response [200]>
2020-03-07 18:22:39,778 - instabot version: 0.113.0 (api) - DEBUG - GET to endpoint: media/2251215906281361014_234736757/comments/ returned response: <Response [200]>
2020-03-07 18:22:55,688 - instabot version: 0.113.0 (api) - DEBUG - GET to endpoint: media/2251046105311552207_22969803623/info/ returned response: <Response [200]>
2020-03-07 18:22:56,277 - instabot version: 0.113.0 (api) - DEBUG - GET to endpoint: media/2251046105311552207_22969803623/info/ returned response: <Response [200]>
2020-03-07 18:22:56,828 - instabot version: 0.113.0 (api) - DEBUG - GET to endpoint: media/2251046105311552207_22969803623/comments/ returned response: <Response [200]>
2020-03-07 18:23:18,839 - instabot version: 0.113.0 (api) - DEBUG - GET to endpoint: media/2251045024481255792_22969803623/info/ returned response: <Response [200]>
2020-03-07 18:23:19,447 - instabot version: 0.113.0 (api) - DEBUG - GET to endpoint: media/2251045024481255792_22969803623/info/ returned response: <Response [200]>
2020-03-07 18:23:20,008 - instabot version: 0.113.0 (api) - DEBUG - GET to endpoint: media/2251045024481255792_22969803623/comments/ returned response: <Response [200]>
2020-03-07 18:23:53,287 - instabot version: 0.113.0 (api) - DEBUG - GET to endpoint: media/2251044104779413960_22969803623/info/ returned response: <Response [200]>
2020-03-07 18:23:53,943 - instabot version: 0.113.0 (api) - DEBUG - GET to endpoint: media/2251044104779413960_22969803623/info/ returned response: <Response [200]>
2020-03-07 18:23:54,560 - instabot version: 0.113.0 (api) - DEBUG - GET to endpoint: media/2251044104779413960_22969803623/comments/ returned response: <Response [200]>
2020-03-07 18:24:22,856 - instabot version: 0.113.0 (api) - DEBUG - GET to endpoint: media/2251043697009324486_22969803623/info/ returned response: <Response [200]>
2020-03-07 18:24:23,461 - instabot version: 0.113.0 (api) - DEBUG - GET to endpoint: media/2251043697009324486_22969803623/info/ returned response: <Response [200]>
2020-03-07 18:24:24,026 - instabot version: 0.113.0 (api) - DEBUG - GET to endpoint: media/2251043697009324486_22969803623/comments/ returned response: <Response [200]>
2020-03-07 18:24:40,061 - instabot version: 0.113.0 (api) - DEBUG - GET to endpoint: media/2251033873739488362_22969803623/info/ returned response: <Response [200]>
2020-03-07 18:24:40,643 - instabot version: 0.113.0 (api) - DEBUG - GET to endpoint: media/2251033873739488362_22969803623/info/ returned response: <Response [200]>
2020-03-07 18:24:41,214 - instabot version: 0.113.0 (api) - DEBUG - GET to endpoint: media/2251033873739488362_22969803623/comments/ returned response: <Response [200]>
2020-03-07 18:25:06,794 - instabot version: 0.113.0 (api) - DEBUG - GET to endpoint: media/2250916408523161533_22969803623/info/ returned response: <Response [200]>
2020-03-07 18:25:07,397 - instabot version: 0.113.0 (api) - DEBUG - GET to endpoint: media/2250916408523161533_22969803623/info/ returned response: <Response [200]>
2020-03-07 18:25:07,966 - instabot version: 0.113.0 (api) - DEBUG - GET to endpoint: media/2250916408523161533_22969803623/comments/ returned response: <Response [200]>
2020-03-07 18:25:40,905 - instabot version: 0.113.0 (api) - DEBUG - GET to endpoint: media/2250242149115168578_22969803623/info/ returned response: <Response [200]>
2020-03-07 18:25:41,528 - instabot version: 0.113.0 (api) - DEBUG - GET to endpoint: media/2250242149115168578_22969803623/info/ returned response: <Response [200]>
2020-03-07 18:25:42,131 - instabot version: 0.113.0 (api) - DEBUG - GET to endpoint: media/2250242149115168578_22969803623/comments/ returned response: <Response [200]>
2020-03-07 18:26:10,976 - instabot version: 0.113.0 (api) - DEBUG - GET to endpoint: media/2250225258174841664_22969803623/info/ returned response: <Response [200]>
2020-03-07 18:26:11,571 - instabot version: 0.113.0 (api) - DEBUG - GET to endpoint: media/2250225258174841664_22969803623/info/ returned response: <Response [200]>
2020-03-07 18:26:12,195 - instabot version: 0.113.0 (api) - DEBUG - GET to endpoint: media/2250225258174841664_22969803623/comments/ returned response: <Response [200]>
2020-03-07 18:26:36,971 - instabot version: 0.113.0 (api) - DEBUG - GET to endpoint: media/2250223951858779626_22969803623/info/ returned response: <Response [200]>
2020-03-07 18:26:37,575 - instabot version: 0.113.0 (api) - DEBUG - GET to endpoint: media/2250223951858779626_22969803623/info/ returned response: <Response [200]>
2020-03-07 18:26:38,129 - instabot version: 0.113.0 (api) - DEBUG - GET to endpoint: media/2250223951858779626_22969803623/comments/ returned response: <Response [200]>
2020-03-07 18:26:59,390 - instabot version: 0.113.0 (api) - DEBUG - GET to endpoint: media/2249635371411053721_22969803623/info/ returned response: <Response [200]>
2020-03-07 18:27:00,004 - instabot version: 0.113.0 (api) - DEBUG - GET to endpoint: media/2249635371411053721_22969803623/info/ returned response: <Response [200]>
2020-03-07 18:27:00,548 - instabot version: 0.113.0 (api) - DEBUG - GET to endpoint: media/2249635371411053721_22969803623/comments/ returned response: <Response [200]>
2020-03-07 18:27:22,047 - instabot version: 0.113.0 (api) - DEBUG - GET to endpoint: media/2249634422651101021_22969803623/info/ returned response: <Response [200]>
2020-03-07 18:27:22,350 - instabot version: 0.113.0 (api) - DEBUG - GET to endpoint: media/2249634422651101021_22969803623/info/ returned response: <Response [200]>
2020-03-07 18:27:22,624 - instabot version: 0.113.0 (api) - DEBUG - GET to endpoint: media/2249634422651101021_22969803623/comments/ returned response: <Response [200]>
2020-03-07 18:27:52,411 - instabot version: 0.113.0 (api) - DEBUG - GET to endpoint: media/2249298666192001156_2216529073/info/ returned response: <Response [200]>
2020-03-07 18:27:52,775 - instabot version: 0.113.0 (api) - DEBUG - GET to endpoint: media/2249298666192001156_2216529073/info/ returned response: <Response [200]>
2020-03-07 18:27:53,148 - instabot version: 0.113.0 (api) - DEBUG - GET to endpoint: media/2249298666192001156_2216529073/comments/ returned response: <Response [200]>
2020-03-07 18:28:09,824 - instabot version: 0.113.0 (api) - DEBUG - GET to endpoint: media/2249229006285009053_1519045214/info/ returned response: <Response [200]>
2020-03-07 18:28:10,174 - instabot version: 0.113.0 (api) - DEBUG - GET to endpoint: media/2249229006285009053_1519045214/info/ returned response: <Response [200]>
2020-03-07 18:28:10,445 - instabot version: 0.113.0 (api) - DEBUG - GET to endpoint: media/2249229006285009053_1519045214/comments/ returned response: <Response [200]>
2020-03-07 18:28:26,202 - instabot version: 0.113.0 (api) - DEBUG - GET to endpoint: media/2248533563385152125_1519045214/info/ returned response: <Response [200]>
2020-03-07 18:28:26,525 - instabot version: 0.113.0 (api) - DEBUG - GET to endpoint: media/2248533563385152125_1519045214/info/ returned response: <Response [200]>
2020-03-07 18:28:26,802 - instabot version: 0.113.0 (api) - DEBUG - GET to endpoint: media/2248533563385152125_1519045214/comments/ returned response: <Response [200]>
2020-03-07 18:28:51,967 - instabot version: 0.113.0 (api) - DEBUG - GET to endpoint: media/2248378236865913555_8463807667/info/ returned response: <Response [200]>
2020-03-07 18:28:52,285 - instabot version: 0.113.0 (api) - DEBUG - GET to endpoint: media/2248378236865913555_8463807667/info/ returned response: <Response [200]>
2020-03-07 18:28:52,559 - instabot version: 0.113.0 (api) - DEBUG - GET to endpoint: media/2248378236865913555_8463807667/comments/ returned response: <Response [200]>
2020-03-07 18:29:08,904 - instabot version: 0.113.0 (api) - DEBUG - GET to endpoint: media/2248269871368133058_191478784/info/ returned response: <Response [200]>
2020-03-07 18:29:09,250 - instabot version: 0.113.0 (api) - DEBUG - GET to endpoint: media/2248269871368133058_191478784/info/ returned response: <Response [200]>
2020-03-07 18:29:09,701 - instabot version: 0.113.0 (api) - DEBUG - GET to endpoint: media/2248269871368133058_191478784/comments/ returned response: <Response [200]>
2020-03-07 18:29:31,764 - instabot version: 0.113.0 (api) - DEBUG - GET to endpoint: media/2248227441411543707_22969803623/info/ returned response: <Response [200]>
2020-03-07 18:29:32,063 - instabot version: 0.113.0 (api) - DEBUG - GET to endpoint: media/2248227441411543707_22969803623/info/ returned response: <Response [200]>
2020-03-07 18:29:32,353 - instabot version: 0.113.0 (api) - DEBUG - GET to endpoint: media/2248227441411543707_22969803623/comments/ returned response: <Response [200]>
2020-03-07 18:29:48,152 - instabot version: 0.113.0 (api) - DEBUG - GET to endpoint: media/2248222710362475457_22969803623/info/ returned response: <Response [200]>
2020-03-07 18:29:48,477 - instabot version: 0.113.0 (api) - DEBUG - GET to endpoint: media/2248222710362475457_22969803623/info/ returned response: <Response [200]>
2020-03-07 18:29:48,738 - instabot version: 0.113.0 (api) - DEBUG - GET to endpoint: media/2248222710362475457_22969803623/comments/ returned response: <Response [200]>
2020-03-07 18:30:20,419 - instabot version: 0.113.0 (api) - DEBUG - GET to endpoint: media/2248192426900193902_22969803623/info/ returned response: <Response [200]>
2020-03-07 18:30:20,728 - instabot version: 0.113.0 (api) - DEBUG - GET to endpoint: media/2248192426900193902_22969803623/info/ returned response: <Response [200]>
2020-03-07 18:30:23,959 - instabot version: 0.113.0 (api) - DEBUG - GET to endpoint: media/2248192426900193902_22969803623/comments/ returned response: <Response [200]>
2020-03-07 18:30:53,450 - instabot version: 0.113.0 (api) - DEBUG - GET to endpoint: media/2248113236603569899_191478784/info/ returned response: <Response [200]>
2020-03-07 18:30:53,699 - instabot version: 0.113.0 (api) - DEBUG - GET to endpoint: media/2248113236603569899_191478784/info/ returned response: <Response [200]>
2020-03-07 18:30:53,923 - instabot version: 0.113.0 (api) - DEBUG - GET to endpoint: media/2248113236603569899_191478784/comments/ returned response: <Response [200]>
2020-03-07 18:31:18,042 - instabot version: 0.113.0 (api) - DEBUG - GET to endpoint: media/2247892582465434270_318186467/info/ returned response: <Response [200]>
2020-03-07 18:31:18,322 - instabot version: 0.113.0 (api) - DEBUG - GET to endpoint: media/2247892582465434270_318186467/info/ returned response: <Response [200]>
2020-03-07 18:31:18,598 - instabot version: 0.113.0 (api) - DEBUG - GET to endpoint: media/2247892582465434270_318186467/comments/ returned response: <Response [200]>
2020-03-07 18:31:40,091 - instabot version: 0.113.0 (api) - DEBUG - GET to endpoint: media/2247891686218215462_318186467/info/ returned response: <Response [200]>
2020-03-07 18:31:40,381 - instabot version: 0.113.0 (api) - DEBUG - GET to endpoint: media/2247891686218215462_318186467/info/ returned response: <Response [200]>
2020-03-07 18:31:40,670 - instabot version: 0.113.0 (api) - DEBUG - GET to endpoint: media/2247891686218215462_318186467/comments/ returned response: <Response [200]>
2020-03-07 18:32:06,825 - instabot version: 0.113.0 (api) - DEBUG - GET to endpoint: media/2247890945529256191_318186467/info/ returned response: <Response [200]>
2020-03-07 18:32:07,131 - instabot version: 0.113.0 (api) - DEBUG - GET to endpoint: media/2247890945529256191_318186467/info/ returned response: <Response [200]>
2020-03-07 18:32:07,444 - instabot version: 0.113.0 (api) - DEBUG - GET to endpoint: media/2247890945529256191_318186467/comments/ returned response: <Response [200]>
2020-03-07 18:32:36,256 - instabot version: 0.113.0 (api) - DEBUG - GET to endpoint: media/2247804622248659867_1519045214/info/ returned response: <Response [200]>
2020-03-07 18:32:36,592 - instabot version: 0.113.0 (api) - DEBUG - GET to endpoint: media/2247804622248659867_1519045214/info/ returned response: <Response [200]>
2020-03-07 18:32:36,867 - instabot version: 0.113.0 (api) - DEBUG - GET to endpoint: media/2247804622248659867_1519045214/comments/ returned response: <Response [200]>
2020-03-07 18:33:01,186 - instabot version: 0.113.0 (api) - DEBUG - GET to endpoint: media/2247322598580891529_318186467/info/ returned response: <Response [200]>
2020-03-07 18:33:01,488 - instabot version: 0.113.0 (api) - DEBUG - GET to endpoint: media/2247322598580891529_318186467/info/ returned response: <Response [200]>
2020-03-07 18:33:01,884 - instabot version: 0.113.0 (api) - DEBUG - GET to endpoint: media/2247322598580891529_318186467/comments/ returned response: <Response [200]>
2020-03-07 18:33:20,759 - instabot version: 0.113.0 (api) - DEBUG - GET to endpoint: media/2247322460697170125_318186467/info/ returned response: <Response [200]>
2020-03-07 18:33:21,048 - instabot version: 0.113.0 (api) - DEBUG - GET to endpoint: media/2247322460697170125_318186467/info/ returned response: <Response [200]>
2020-03-07 18:33:21,342 - instabot version: 0.113.0 (api) - DEBUG - GET to endpoint: media/2247322460697170125_318186467/comments/ returned response: <Response [200]>
2020-03-07 18:33:51,283 - instabot version: 0.113.0 (api) - DEBUG - GET to endpoint: media/2247322324617322443_318186467/info/ returned response: <Response [200]>
2020-03-07 18:33:51,592 - instabot version: 0.113.0 (api) - DEBUG - GET to endpoint: media/2247322324617322443_318186467/info/ returned response: <Response [200]>
2020-03-07 18:33:51,903 - instabot version: 0.113.0 (api) - DEBUG - GET to endpoint: media/2247322324617322443_318186467/comments/ returned response: <Response [200]>
2020-03-07 18:34:15,467 - instabot version: 0.113.0 (api) - DEBUG - GET to endpoint: media/2247184497783059382_3271278550/info/ returned response: <Response [200]>
2020-03-07 18:34:15,818 - instabot version: 0.113.0 (api) - DEBUG - GET to endpoint: media/2247184497783059382_3271278550/info/ returned response: <Response [200]>
2020-03-07 18:34:16,141 - instabot version: 0.113.0 (api) - DEBUG - GET to endpoint: media/2247184497783059382_3271278550/comments/ returned response: <Response [200]>
2020-03-07 18:34:38,754 - instabot version: 0.113.0 (api) - DEBUG - GET to endpoint: media/2247096437833560823_1519045214/info/ returned response: <Response [200]>
2020-03-07 18:34:39,085 - instabot version: 0.113.0 (api) - DEBUG - GET to endpoint: media/2247096437833560823_1519045214/info/ returned response: <Response [200]>
2020-03-07 18:34:39,344 - instabot version: 0.113.0 (api) - DEBUG - GET to endpoint: media/2247096437833560823_1519045214/comments/ returned response: <Response [200]>
2020-03-07 18:35:11,888 - instabot version: 0.113.0 (api) - DEBUG - GET to endpoint: media/2246649691777041172_234736757/info/ returned response: <Response [200]>
2020-03-07 18:35:12,209 - instabot version: 0.113.0 (api) - DEBUG - GET to endpoint: media/2246649691777041172_234736757/info/ returned response: <Response [200]>
2020-03-07 18:35:12,534 - instabot version: 0.113.0 (api) - DEBUG - GET to endpoint: media/2246649691777041172_234736757/comments/ returned response: <Response [200]>
2020-03-07 18:35:41,488 - instabot version: 0.113.0 (api) - DEBUG - GET to endpoint: media/2246455144522675507_1694839741/info/ returned response: <Response [200]>
2020-03-07 18:35:41,788 - instabot version: 0.113.0 (api) - DEBUG - GET to endpoint: media/2246455144522675507_1694839741/info/ returned response: <Response [200]>
2020-03-07 18:35:42,110 - instabot version: 0.113.0 (api) - DEBUG - GET to endpoint: media/2246455144522675507_1694839741/comments/ returned response: <Response [200]>
2020-03-07 18:35:58,255 - instabot version: 0.113.0 (api) - DEBUG - GET to endpoint: media/2246326745283969228_1519045214/info/ returned response: <Response [200]>
2020-03-07 18:35:58,581 - instabot version: 0.113.0 (api) - DEBUG - GET to endpoint: media/2246326745283969228_1519045214/info/ returned response: <Response [200]>
2020-03-07 18:35:58,858 - instabot version: 0.113.0 (api) - DEBUG - GET to endpoint: media/2246326745283969228_1519045214/comments/ returned response: <Response [200]>
2020-03-07 18:36:15,314 - instabot version: 0.113.0 (api) - DEBUG - GET to endpoint: media/2246281172904471341_546137271/info/ returned response: <Response [200]>
2020-03-07 18:36:15,742 - instabot version: 0.113.0 (api) - DEBUG - GET to endpoint: media/2246281172904471341_546137271/info/ returned response: <Response [200]>
2020-03-07 18:36:16,204 - instabot version: 0.113.0 (api) - DEBUG - GET to endpoint: media/2246281172904471341_546137271/comments/ returned response: <Response [200]>
2020-03-07 18:36:41,546 - instabot version: 0.113.0 (api) - DEBUG - GET to endpoint: media/2246254683517577677_8463807667/info/ returned response: <Response [200]>
2020-03-07 18:36:41,859 - instabot version: 0.113.0 (api) - DEBUG - GET to endpoint: media/2246254683517577677_8463807667/info/ returned response: <Response [200]>
2020-03-07 18:36:42,174 - instabot version: 0.113.0 (api) - DEBUG - GET to endpoint: media/2246254683517577677_8463807667/comments/ returned response: <Response [200]>
2020-03-07 18:37:12,101 - instabot version: 0.113.0 (api) - DEBUG - GET to endpoint: media/2245964012948785111_22969803623/info/ returned response: <Response [200]>
2020-03-07 18:37:12,406 - instabot version: 0.113.0 (api) - DEBUG - GET to endpoint: media/2245964012948785111_22969803623/info/ returned response: <Response [200]>
2020-03-07 18:37:12,676 - instabot version: 0.113.0 (api) - DEBUG - GET to endpoint: media/2245964012948785111_22969803623/comments/ returned response: <Response [200]>
2020-03-07 18:37:35,904 - instabot version: 0.113.0 (api) - DEBUG - GET to endpoint: media/2245820442518258460_1519045214/info/ returned response: <Response [200]>
2020-03-07 18:37:36,252 - instabot version: 0.113.0 (api) - DEBUG - GET to endpoint: media/2245820442518258460_1519045214/info/ returned response: <Response [200]>
2020-03-07 18:37:36,537 - instabot version: 0.113.0 (api) - DEBUG - GET to endpoint: media/2245820442518258460_1519045214/comments/ returned response: <Response [200]>
2020-03-07 18:38:06,920 - instabot version: 0.113.0 (api) - DEBUG - GET to endpoint: media/2245599593815163448_8463807667/info/ returned response: <Response [200]>
2020-03-07 18:38:07,217 - instabot version: 0.113.0 (api) - DEBUG - GET to endpoint: media/2245599593815163448_8463807667/info/ returned response: <Response [200]>
2020-03-07 18:38:07,480 - instabot version: 0.113.0 (api) - DEBUG - GET to endpoint: media/2245599593815163448_8463807667/comments/ returned response: <Response [200]>
2020-03-07 18:38:29,315 - instabot version: 0.113.0 (api) - DEBUG - GET to endpoint: media/2244929287454954288_22969803623/info/ returned response: <Response [200]>
2020-03-07 18:38:29,645 - instabot version: 0.113.0 (api) - DEBUG - GET to endpoint: media/2244929287454954288_22969803623/info/ returned response: <Response [200]>
2020-03-07 18:38:29,914 - instabot version: 0.113.0 (api) - DEBUG - GET to endpoint: media/2244929287454954288_22969803623/comments/ returned response: <Response [200]>
2020-03-07 18:39:01,184 - instabot version: 0.113.0 (api) - DEBUG - GET to endpoint: media/2244618032382766369_22969803623/info/ returned response: <Response [200]>
2020-03-07 18:39:01,504 - instabot version: 0.113.0 (api) - DEBUG - GET to endpoint: media/2244618032382766369_22969803623/info/ returned response: <Response [200]>
2020-03-07 18:39:01,922 - instabot version: 0.113.0 (api) - DEBUG - GET to endpoint: media/2244618032382766369_22969803623/comments/ returned response: <Response [200]>
2020-03-07 18:39:19,095 - instabot version: 0.113.0 (api) - DEBUG - GET to endpoint: media/2244604936943592090_22969803623/info/ returned response: <Response [200]>
2020-03-07 18:39:19,391 - instabot version: 0.113.0 (api) - DEBUG - GET to endpoint: media/2244604936943592090_22969803623/info/ returned response: <Response [200]>
2020-03-07 18:39:19,675 - instabot version: 0.113.0 (api) - DEBUG - GET to endpoint: media/2244604936943592090_22969803623/comments/ returned response: <Response [200]>
2020-03-07 18:39:35,050 - instabot version: 0.113.0 (api) - DEBUG - GET to endpoint: media/2244568504086779270_22969803623/info/ returned response: <Response [200]>
2020-03-07 18:39:35,378 - instabot version: 0.113.0 (api) - DEBUG - GET to endpoint: media/2244568504086779270_22969803623/info/ returned response: <Response [200]>
2020-03-07 18:39:35,675 - instabot version: 0.113.0 (api) - DEBUG - GET to endpoint: media/2244568504086779270_22969803623/comments/ returned response: <Response [200]>
2020-03-07 18:39:57,058 - instabot version: 0.113.0 (api) - DEBUG - GET to endpoint: media/2244516420167526444_22969803623/info/ returned response: <Response [200]>
2020-03-07 18:39:57,385 - instabot version: 0.113.0 (api) - DEBUG - GET to endpoint: media/2244516420167526444_22969803623/info/ returned response: <Response [200]>
2020-03-07 18:39:57,682 - instabot version: 0.113.0 (api) - DEBUG - GET to endpoint: media/2244516420167526444_22969803623/comments/ returned response: <Response [200]>
2020-03-07 18:40:25,837 - instabot version: 0.113.0 (api) - DEBUG - GET to endpoint: media/2243419800319773108_2216529073/info/ returned response: <Response [200]>
2020-03-07 18:40:26,199 - instabot version: 0.113.0 (api) - DEBUG - GET to endpoint: media/2243419800319773108_2216529073/info/ returned response: <Response [200]>
2020-03-07 18:40:26,524 - instabot version: 0.113.0 (api) - DEBUG - GET to endpoint: media/2243419800319773108_2216529073/comments/ returned response: <Response [200]>
2020-03-07 18:40:26,879 - instabot version: 0.113.0 (api) - DEBUG - GET to endpoint: media/2243419800319773108_2216529073/info/ returned response: <Response [200]>
2020-03-07 18:40:26,879 - instabot version: 0.113.0 (api) - DEBUG - post data: {"inventory_source": "media_or_ad", "media_id": "2243419800319773108_2216529073", "_csrftoken": "JuqSJmFtuE6RneCr75nQyCOGOjV84GNx", "radio_type": "wifi-none", "_uid": "1689765421", "_uuid": "f4a4b377-c103-4856-abaa-6312a5d2cef8", "is_carousel_bumped_post": "false", "container_module": "feed_contextual_hashtag", "feed_position": "82", "device_id": "android-e686a39202eb9294", "hashtag_name": "dronevlieger", "hashtag_id": 17843070307004940}
2020-03-07 18:40:27,541 - instabot version: 0.113.0 (api) - DEBUG - POST to endpoint: media/2243419800319773108_2216529073/like/ returned response: <Response [400]>
2020-03-07 18:40:27,541 - instabot version: 0.113.0 (api) - DEBUG - Responsecode indicates error; response content: b'{"message": "feedback_required", "spam": true, "feedback_title": "Action Blocked", "feedback_message": "This action was blocked. Please try again later. We restrict certain content and actions to protect our community. Tell us if you think we made a mistake.", "feedback_url": "repute/report_problem/instagram_like_add/", "feedback_appeal_label": "Tell us", "feedback_ignore_label": "OK", "feedback_action": "report_problem", "status": "fail"}'
2020-03-07 18:40:27,541 - instabot version: 0.113.0 (api) - ERROR - Request returns 400 error!
2020-03-07 18:40:27,542 - instabot version: 0.113.0 (api) - ERROR - ATTENTION!: `feedback_required`b'This action was blocked. Please try again later. We restrict certain content and actions to protect our community. Tell us if you think we made a mistake.'
2020-03-07 18:40:27,542 - instabot version: 0.113.0 (bot_like) - ERROR - `Like` action has been BLOCKED...!!!
2020-03-07 18:40:27,542 - instabot version: 0.113.0 (bot_like) - INFO - `Like` action is going to sleep for                         1115 seconds.
2020-03-07 18:41:09,057 - instabot version: 0.113.0 (bot_checkpoint) - DEBUG - Saving Checkpoint file to: /Users/niels/Documents/instabot/examples/config/dronevlieger.checkpoint
2020-03-07 18:41:09,059 - instabot version: 0.113.0 (bot) - INFO - Total likes: 1/100
2020-03-07 18:41:09,059 - instabot version: 0.113.0 (bot) - INFO - Total requests: 384
