2020-02-29 11:06:19,203 - instabot version: 0.110.0 (bot) - INFO - Instabot version: 0.110.0 Started
2020-02-29 11:06:19,203 - instabot version: 0.110.0 (bot) - DEBUG - Bot imported from /Users/niels/Documents/instabot/examples/../instabot/bot/bot.pyc
2020-02-29 11:06:19,916 - instabot version: 0.110.0 (api_login) - INFO - Not yet logged in starting: PRE-LOGIN FLOW!
2020-02-29 11:06:21,280 - instabot version: 0.110.0 (api) - DEBUG - POST to endpoint: accounts/get_prefill_candidates/ returned response: <Response [200]>
2020-02-29 11:06:23,672 - instabot version: 0.110.0 (api) - DEBUG - POST to endpoint: qe/sync/ returned response: <Response [200]>
2020-02-29 11:06:26,021 - instabot version: 0.110.0 (api) - DEBUG - POST to endpoint: launcher/sync/ returned response: <Response [200]>
2020-02-29 11:06:28,363 - instabot version: 0.110.0 (api) - DEBUG - POST to endpoint: accounts/contact_point_prefill/ returned response: <Response [200]>
2020-02-29 11:06:31,841 - instabot version: 0.110.0 (api) - DEBUG - POST to endpoint: accounts/login/ returned response: <Response [200]>
2020-02-29 11:06:31,842 - instabot version: 0.110.0 (api) - INFO - Logged-in successfully as 'nielzdronepilot'!
2020-02-29 11:06:31,842 - instabot version: 0.110.0 (api_login) - INFO - LOGIN FLOW! Just logged-in: True
2020-02-29 11:06:34,264 - instabot version: 0.110.0 (api) - DEBUG - POST to endpoint: qe/sync/ returned response: <Response [200]>
2020-02-29 11:06:35,678 - instabot version: 0.110.0 (api) - DEBUG - POST to endpoint: launcher/sync/ returned response: <Response [200]>
2020-02-29 11:06:37,045 - instabot version: 0.110.0 (api) - DEBUG - GET to endpoint: zr/token/result/?device_id=android-de3955d33540d9b9&token_hash=&custom_device_id=android-de3955d33540d9b9&fetch_reason=token_expired returned response: <Response [200]>
2020-02-29 11:06:38,417 - instabot version: 0.110.0 (api) - DEBUG - GET to endpoint: multiple_accounts/get_account_family/ returned response: <Response [200]>
2020-02-29 11:06:40,859 - instabot version: 0.110.0 (api) - DEBUG - POST to endpoint: qe/sync/ returned response: <Response [200]>
2020-02-29 11:06:44,288 - instabot version: 0.110.0 (api) - DEBUG - GET to endpoint: igtv/browse_feed/?prefetch=1 returned response: <Response [200]>
2020-02-29 11:06:46,653 - instabot version: 0.110.0 (api) - DEBUG - POST to endpoint: creatives/ar_class/ returned response: <Response [200]>
2020-02-29 11:06:48,475 - instabot version: 0.110.0 (api) - DEBUG - POST to endpoint: feed/reels_tray/ returned response: <Response [200]>
2020-02-29 11:06:51,490 - instabot version: 0.110.0 (api) - DEBUG - POST to endpoint: feed/timeline/ returned response: <Response [200]>
2020-02-29 11:06:52,861 - instabot version: 0.110.0 (api) - DEBUG - GET to endpoint: media/blocked/ returned response: <Response [200]>
2020-02-29 11:06:56,034 - instabot version: 0.110.0 (api) - DEBUG - GET to endpoint: news/inbox/ returned response: <Response [200]>
2020-02-29 11:06:57,426 - instabot version: 0.110.0 (api) - DEBUG - GET to endpoint: loom/fetch_config/ returned response: <Response [200]>
2020-02-29 11:07:00,805 - instabot version: 0.110.0 (api) - DEBUG - GET to endpoint: scores/bootstrap/users/?surfaces=["autocomplete_user_list","coefficient_besties_list_ranking","coefficient_rank_recipient_user_suggestion","coefficient_ios_section_test_bootstrap_ranking","coefficient_direct_recipients_ranking_variant_2"] returned response: <Response [200]>
2020-02-29 11:07:03,188 - instabot version: 0.110.0 (api) - DEBUG - GET to endpoint: business/eligibility/get_monetization_products_eligibility_data/?product_types=branded_content returned response: <Response [200]>
2020-02-29 11:07:04,550 - instabot version: 0.110.0 (api) - DEBUG - GET to endpoint: business/branded_content/should_require_professional_account/ returned response: <Response [200]>
2020-02-29 11:07:05,960 - instabot version: 0.110.0 (api) - DEBUG - GET to endpoint: linked_accounts/get_linkage_status/ returned response: <Response [200]>
2020-02-29 11:07:07,329 - instabot version: 0.110.0 (api) - DEBUG - GET to endpoint: locations/request_country/ returned response: <Response [200]>
2020-02-29 11:07:09,688 - instabot version: 0.110.0 (api) - DEBUG - GET to endpoint: qp/get_cooldowns/?signed_body=signed_body=4b9c516a5410a3bc128e09c6104a7f042146b9c2023870560c63a43a7f66781c.4&ig_sig_key_version=4&ig_sig_key_version=4 returned response: <Response [200]>
2020-02-29 11:07:11,086 - instabot version: 0.110.0 (api) - DEBUG - GET to endpoint: users/arlink_download_info/?version_override=2.2.1 returned response: <Response [200]>
2020-02-29 11:07:12,618 - instabot version: 0.110.0 (api) - DEBUG - GET to endpoint: users/3149016955/info/ returned response: <Response [200]>
2020-02-29 11:07:14,985 - instabot version: 0.110.0 (api) - DEBUG - GET to endpoint: direct_v2/get_presence/ returned response: <Response [200]>
2020-02-29 11:07:17,939 - instabot version: 0.110.0 (api) - DEBUG - GET to endpoint: direct_v2/inbox/?visual_message_return_type=unseen&thread_message_limit=10&persistentBadging=true&limit=20 returned response: <Response [200]>
2020-02-29 11:07:19,331 - instabot version: 0.110.0 (api) - DEBUG - GET to endpoint: direct_v2/inbox/?visual_message_return_type=unseen&persistentBadging=true&limit=0 returned response: <Response [200]>
2020-02-29 11:07:20,733 - instabot version: 0.110.0 (api) - DEBUG - GET to endpoint: discover/topical_explore/?is_prefetch=true&omit_cover_media=true&use_sectional_payload=true&timezone_offset=0&session_id=e98b700b-114f-4dfc-a7a2-6916bacb5dcb&include_fixed_destinations=true returned response: <Response [200]>
2020-02-29 11:07:22,111 - instabot version: 0.110.0 (api) - DEBUG - POST to endpoint: notifications/badge/ returned response: <Response [200]>
2020-02-29 11:07:23,667 - instabot version: 0.110.0 (api) - DEBUG - POST to endpoint: qp/batch_fetch/ returned response: <Response [200]>
2020-02-29 11:07:23,667 - instabot version: 0.110.0 (bot_checkpoint) - DEBUG - Loading Checkpoint file from: /Users/niels/Documents/instabot/examples/config/nielzdronepilot.checkpoint
2020-02-29 11:07:28,658 - instabot version: 0.110.0 (api) - DEBUG - POST to endpoint: accounts/logout/ returned response: <Response [200]>
2020-02-29 11:07:28,658 - instabot version: 0.110.0 (bot) - INFO - Bot stopped. Worked: 0:01:09.455374
2020-02-29 11:07:28,658 - instabot version: 0.110.0 (bot_checkpoint) - DEBUG - Saving Checkpoint file to: /Users/niels/Documents/instabot/examples/config/nielzdronepilot.checkpoint
2020-02-29 11:07:28,659 - instabot version: 0.110.0 (bot) - INFO - Total requests: 32
2020-02-29 11:07:28,659 - instabot version: 0.110.0 (bot_checkpoint) - DEBUG - Saving Checkpoint file to: /Users/niels/Documents/instabot/examples/config/nielzdronepilot.checkpoint
2020-02-29 11:07:28,660 - instabot version: 0.110.0 (bot) - INFO - Total requests: 32
