2020-03-07 16:04:41,437 - instabot version: 0.113.0 (bot) - INFO - Instabot version: 0.113.0 Started
2020-03-07 16:04:41,437 - instabot version: 0.113.0 (bot) - DEBUG - Bot imported from /Users/niels/Documents/instabot/examples/../instabot/bot/bot.py
2020-03-07 16:04:41,857 - instabot version: 0.113.0 (api_login) - INFO - Not yet logged in starting: PRE-LOGIN FLOW!
2020-03-07 16:04:42,245 - instabot version: 0.113.0 (api) - DEBUG - POST to endpoint: accounts/contact_point_prefill/ returned response: <Response [200]>
2020-03-07 16:04:42,680 - instabot version: 0.113.0 (api) - DEBUG - POST to endpoint: qe/sync/ returned response: <Response [200]>
2020-03-07 16:04:43,083 - instabot version: 0.113.0 (api) - DEBUG - POST to endpoint: launcher/sync/ returned response: <Response [200]>
2020-03-07 16:04:43,451 - instabot version: 0.113.0 (api) - DEBUG - POST to endpoint: accounts/get_prefill_candidates/ returned response: <Response [200]>
2020-03-07 16:04:46,023 - instabot version: 0.113.0 (api) - DEBUG - POST to endpoint: accounts/login/ returned response: <Response [200]>
2020-03-07 16:04:46,024 - instabot version: 0.113.0 (api) - INFO - Logged-in successfully as 'nielzdronepilot'!
2020-03-07 16:04:46,024 - instabot version: 0.113.0 (api_login) - INFO - LOGIN FLOW! Just logged-in: True
2020-03-07 16:04:46,433 - instabot version: 0.113.0 (api) - DEBUG - POST to endpoint: launcher/sync/ returned response: <Response [200]>
2020-03-07 16:04:46,822 - instabot version: 0.113.0 (api) - DEBUG - GET to endpoint: multiple_accounts/get_account_family/ returned response: <Response [200]>
2020-03-07 16:04:47,234 - instabot version: 0.113.0 (api) - DEBUG - GET to endpoint: zr/token/result/?device_id=android-de3955d33540d9b9&token_hash=&custom_device_id=0fc85e47-1365-4583-9333-540f9bd4c50f&fetch_reason=token_expired returned response: <Response [200]>
2020-03-07 16:04:47,873 - instabot version: 0.113.0 (api) - DEBUG - POST to endpoint: qe/sync/ returned response: <Response [200]>
2020-03-07 16:04:48,280 - instabot version: 0.113.0 (api) - DEBUG - GET to endpoint: banyan/banyan/?views=["story_share_sheet","threads_people_picker","group_stories_share_sheet","reshare_share_sheet"] returned response: <Response [200]>
2020-03-07 16:04:48,686 - instabot version: 0.113.0 (api) - DEBUG - POST to endpoint: creatives/ar_class/ returned response: <Response [200]>
2020-03-07 16:04:49,555 - instabot version: 0.113.0 (api) - DEBUG - POST to endpoint: feed/reels_tray/ returned response: <Response [200]>
2020-03-07 16:04:52,052 - instabot version: 0.113.0 (api) - DEBUG - POST to endpoint: feed/timeline/ returned response: <Response [200]>
2020-03-07 16:04:52,751 - instabot version: 0.113.0 (api) - DEBUG - POST to endpoint: push/register/ returned response: <Response [200]>
2020-03-07 16:04:53,150 - instabot version: 0.113.0 (api) - DEBUG - GET to endpoint: media/blocked/ returned response: <Response [200]>
2020-03-07 16:04:53,644 - instabot version: 0.113.0 (api) - DEBUG - GET to endpoint: loom/fetch_config/ returned response: <Response [200]>
2020-03-07 16:04:54,675 - instabot version: 0.113.0 (api) - DEBUG - GET to endpoint: news/inbox/ returned response: <Response [200]>
2020-03-07 16:04:55,079 - instabot version: 0.113.0 (api) - DEBUG - GET to endpoint: business/branded_content/should_require_professional_account/ returned response: <Response [200]>
2020-03-07 16:04:56,858 - instabot version: 0.113.0 (api) - DEBUG - GET to endpoint: scores/bootstrap/users/?surfaces=["autocomplete_user_list","coefficient_besties_list_ranking","coefficient_rank_recipient_user_suggestion","coefficient_ios_section_test_bootstrap_ranking","coefficient_direct_recipients_ranking_variant_2"] returned response: <Response [200]>
2020-03-07 16:04:57,292 - instabot version: 0.113.0 (api) - DEBUG - GET to endpoint: business/eligibility/get_monetization_products_eligibility_data/?product_types=branded_content returned response: <Response [200]>
2020-03-07 16:04:57,710 - instabot version: 0.113.0 (api) - DEBUG - GET to endpoint: linked_accounts/get_linkage_status/ returned response: <Response [200]>
2020-03-07 16:04:58,112 - instabot version: 0.113.0 (api) - DEBUG - GET to endpoint: qp/get_cooldowns/?signed_body=7263dc0e7fba056da698c7021680afda4cf226fba73ae3aa14290eec84f18438.4&ig_sig_key_version=4 returned response: <Response [200]>
2020-03-07 16:04:58,515 - instabot version: 0.113.0 (api) - DEBUG - POST to endpoint: push/register/ returned response: <Response [200]>
2020-03-07 16:04:58,943 - instabot version: 0.113.0 (api) - DEBUG - GET to endpoint: users/arlink_download_info/?version_override=2.2.1 returned response: <Response [200]>
2020-03-07 16:04:59,531 - instabot version: 0.113.0 (api) - DEBUG - GET to endpoint: users/3149016955/info/ returned response: <Response [200]>
2020-03-07 16:04:59,982 - instabot version: 0.113.0 (api) - DEBUG - GET to endpoint: direct_v2/get_presence/ returned response: <Response [200]>
2020-03-07 16:05:00,388 - instabot version: 0.113.0 (api) - DEBUG - GET to endpoint: direct_v2/inbox/?visual_message_return_type=unseen&persistentBadging=true&limit=0 returned response: <Response [200]>
2020-03-07 16:05:00,844 - instabot version: 0.113.0 (api) - DEBUG - GET to endpoint: discover/topical_explore/?is_prefetch=true&omit_cover_media=true&use_sectional_payload=true&timezone_offset=0&session_id=94919173-b95a-40c8-a19c-26415cfdf691&include_fixed_destinations=true returned response: <Response [200]>
2020-03-07 16:05:01,259 - instabot version: 0.113.0 (api) - DEBUG - POST to endpoint: qp/batch_fetch/ returned response: <Response [500]>
2020-03-07 16:05:01,260 - instabot version: 0.113.0 (api) - DEBUG - Responsecode indicates error; response content: b'Oops, an error occurred.\n'
2020-03-07 16:05:01,260 - instabot version: 0.113.0 (api) - ERROR - Request returns 500 error!
2020-03-07 16:05:01,260 - instabot version: 0.113.0 (api) - ERROR - Error checking for `feedback_required`, response text is not JSON
2020-03-07 16:05:01,260 - instabot version: 0.113.0 (api) - INFO - Full Response: <Response [500]>
2020-03-07 16:05:01,260 - instabot version: 0.113.0 (api) - INFO - Response Text: Oops, an error occurred.

2020-03-07 16:05:01,260 - instabot version: 0.113.0 (api) - ERROR - Error unknown send request
2020-03-07 16:05:02,819 - instabot version: 0.113.0 (api) - DEBUG - GET to endpoint: direct_v2/inbox/?visual_message_return_type=unseen&thread_message_limit=10&persistentBadging=true&limit=20 returned response: <Response [200]>
2020-03-07 16:05:03,211 - instabot version: 0.113.0 (api) - DEBUG - POST to endpoint: notifications/badge/ returned response: <Response [200]>
2020-03-07 16:05:03,675 - instabot version: 0.113.0 (api) - DEBUG - GET to endpoint: facebook_ota/?fields=update{download_uri,download_uri_delta_base,version_code_delta_base,download_uri_delta,fallback_to_full_update,file_size_delta,version_code,published_date,file_size,ota_bundle_type,resources_checksum,allowed_networks,release_id}&custom_user_id=3149016955&signed_body=7263dc0e7fba056da698c7021680afda4cf226fba73ae3aa14290eec84f18438.4&ig_sig_key_version=4&version_code=200396023&version_name=130.0.0.31.121&custom_app_id=124024574287414&custom_device_id=aa1e3da2-ba67-4481-bb49-10f46ba54847 returned response: <Response [200]>
