2020-03-07 13:38:24,463 - instabot version: 0.113.0 (bot) - INFO - Instabot version: 0.113.0 Started
2020-03-07 13:38:24,464 - instabot version: 0.113.0 (bot) - DEBUG - Bot imported from /Users/niels/Documents/instabot/examples/../instabot/bot/bot.py
2020-03-07 13:38:25,198 - instabot version: 0.113.0 (api_login) - INFO - Not yet logged in starting: PRE-LOGIN FLOW!
2020-03-07 13:38:25,741 - instabot version: 0.113.0 (api) - DEBUG - POST to endpoint: launcher/sync/ returned response: <Response [200]>
2020-03-07 13:38:26,300 - instabot version: 0.113.0 (api) - DEBUG - POST to endpoint: launcher/sync/ returned response: <Response [200]>
2020-03-07 13:38:26,827 - instabot version: 0.113.0 (api) - DEBUG - POST to endpoint: accounts/get_prefill_candidates/ returned response: <Response [200]>
2020-03-07 13:38:27,466 - instabot version: 0.113.0 (api) - DEBUG - POST to endpoint: qe/sync/ returned response: <Response [200]>
2020-03-07 13:38:29,120 - instabot version: 0.113.0 (api) - DEBUG - POST to endpoint: accounts/login/ returned response: <Response [200]>
2020-03-07 13:38:29,121 - instabot version: 0.113.0 (api) - INFO - Logged-in successfully as 'nielzdronepilot'!
2020-03-07 13:38:29,121 - instabot version: 0.113.0 (api_login) - INFO - LOGIN FLOW! Just logged-in: True
2020-03-07 13:38:29,712 - instabot version: 0.113.0 (api) - DEBUG - POST to endpoint: launcher/sync/ returned response: <Response [200]>
2020-03-07 13:38:30,267 - instabot version: 0.113.0 (api) - DEBUG - POST to endpoint: launcher/sync/ returned response: <Response [200]>
2020-03-07 13:38:30,269 - instabot version: 0.113.0 (api_login) - ERROR - Exception raised: '"type"'
Traceback (most recent call last):
  File "/Users/niels/Documents/instabot/examples/../instabot/api/api_login.py", line 147, in login_flow
    self.get_prefill_candidates(False)
  File "/Users/niels/Documents/instabot/examples/../instabot/api/api.py", line 171, in get_prefill_candidates
    return get_prefill_candidates(self, login)
  File "/Users/niels/Documents/instabot/examples/../instabot/api/api_login.py", line 78, in get_prefill_candidates
    data["client_contact_points"] = '[{"type":"omnistring","value":"{}","source":"last_login_attempt"}]'.format(self.username),
KeyError: '"type"'

2020-03-07 13:38:30,269 - instabot version: 0.113.0 (bot_checkpoint) - DEBUG - Loading Checkpoint file from: /Users/niels/Documents/instabot/examples/config/nielzdronepilot.checkpoint
2020-03-07 13:39:12,877 - instabot version: 0.113.0 (api) - DEBUG - POST to endpoint: accounts/logout/ returned response: <Response [200]>
2020-03-07 13:39:12,877 - instabot version: 0.113.0 (bot) - INFO - Bot stopped. Worked: 0:01:39.147614
2020-03-07 13:39:12,877 - instabot version: 0.113.0 (bot_checkpoint) - DEBUG - Saving Checkpoint file to: /Users/niels/Documents/instabot/examples/config/nielzdronepilot.checkpoint
2020-03-07 13:39:12,878 - instabot version: 0.113.0 (bot) - INFO - Total requests: 9
2020-03-07 13:39:12,878 - instabot version: 0.113.0 (bot_checkpoint) - DEBUG - Saving Checkpoint file to: /Users/niels/Documents/instabot/examples/config/nielzdronepilot.checkpoint
2020-03-07 13:39:12,878 - instabot version: 0.113.0 (bot) - INFO - Total requests: 9
