2020-03-07 15:19:29,837 - instabot version: 0.113.0 (bot) - INFO - Instabot version: 0.113.0 Started
2020-03-07 15:19:29,837 - instabot version: 0.113.0 (bot) - DEBUG - Bot imported from /Users/niels/Documents/instabot/examples/../instabot/bot/bot.py
2020-03-07 15:19:31,009 - instabot version: 0.113.0 (api_login) - INFO - Not yet logged in starting: PRE-LOGIN FLOW!
2020-03-07 15:19:31,307 - instabot version: 0.113.0 (api) - DEBUG - POST to endpoint: accounts/contact_point_prefill/ returned response: <Response [200]>
2020-03-07 15:19:31,561 - instabot version: 0.113.0 (api) - DEBUG - POST to endpoint: qe/sync/ returned response: <Response [200]>
2020-03-07 15:19:31,788 - instabot version: 0.113.0 (api) - DEBUG - POST to endpoint: launcher/sync/ returned response: <Response [200]>
2020-03-07 15:19:32,036 - instabot version: 0.113.0 (api) - DEBUG - POST to endpoint: accounts/get_prefill_candidates/ returned response: <Response [200]>
2020-03-07 15:19:33,307 - instabot version: 0.113.0 (api) - DEBUG - POST to endpoint: accounts/login/ returned response: <Response [200]>
2020-03-07 15:19:33,307 - instabot version: 0.113.0 (api) - INFO - Logged-in successfully as 'nielzdronepilot'!
2020-03-07 15:19:33,307 - instabot version: 0.113.0 (api_login) - INFO - LOGIN FLOW! Just logged-in: True
2020-03-07 15:19:33,665 - instabot version: 0.113.0 (api) - DEBUG - POST to endpoint: launcher/sync/ returned response: <Response [200]>
2020-03-07 15:19:33,931 - instabot version: 0.113.0 (api) - DEBUG - GET to endpoint: multiple_accounts/get_account_family/ returned response: <Response [200]>
2020-03-07 15:19:34,206 - instabot version: 0.113.0 (api) - DEBUG - GET to endpoint: zr/token/result/?device_id=android-de3955d33540d9b9&token_hash=&custom_device_id=4b089974-05f8-4dee-8225-9db2a980e3ae&fetch_reason=token_expired returned response: <Response [200]>
2020-03-07 15:19:34,666 - instabot version: 0.113.0 (api) - DEBUG - POST to endpoint: qe/sync/ returned response: <Response [200]>
2020-03-07 15:19:34,940 - instabot version: 0.113.0 (api) - DEBUG - GET to endpoint: banyan/banyan/?views=["story_share_sheet","threads_people_picker","group_stories_share_sheet","reshare_share_sheet"] returned response: <Response [200]>
2020-03-07 15:19:35,203 - instabot version: 0.113.0 (api) - DEBUG - POST to endpoint: creatives/ar_class/ returned response: <Response [200]>
2020-03-07 15:19:35,851 - instabot version: 0.113.0 (api) - DEBUG - POST to endpoint: feed/reels_tray/ returned response: <Response [200]>
2020-03-07 15:19:37,364 - instabot version: 0.113.0 (api) - DEBUG - POST to endpoint: feed/timeline/ returned response: <Response [200]>
2020-03-07 15:19:37,879 - instabot version: 0.113.0 (api) - DEBUG - POST to endpoint: push/register/ returned response: <Response [200]>
2020-03-07 15:19:38,172 - instabot version: 0.113.0 (api) - DEBUG - GET to endpoint: media/blocked/ returned response: <Response [200]>
2020-03-07 15:19:38,445 - instabot version: 0.113.0 (api) - DEBUG - GET to endpoint: loom/fetch_config/ returned response: <Response [200]>
2020-03-07 15:19:39,296 - instabot version: 0.113.0 (api) - DEBUG - GET to endpoint: news/inbox/ returned response: <Response [200]>
2020-03-07 15:19:39,584 - instabot version: 0.113.0 (api) - DEBUG - GET to endpoint: business/branded_content/should_require_professional_account/ returned response: <Response [200]>
2020-03-07 15:19:43,045 - instabot version: 0.113.0 (api) - DEBUG - GET to endpoint: scores/bootstrap/users/?surfaces=["autocomplete_user_list","coefficient_besties_list_ranking","coefficient_rank_recipient_user_suggestion","coefficient_ios_section_test_bootstrap_ranking","coefficient_direct_recipients_ranking_variant_2"] returned response: <Response [200]>
2020-03-07 15:19:43,341 - instabot version: 0.113.0 (api) - DEBUG - GET to endpoint: business/eligibility/get_monetization_products_eligibility_data/?product_types=branded_content returned response: <Response [200]>
2020-03-07 15:19:43,716 - instabot version: 0.113.0 (api) - DEBUG - GET to endpoint: linked_accounts/get_linkage_status/ returned response: <Response [200]>
