2020-02-22 11:18:25,354 - instabot version: 0.109.0 (bot) - INFO - Instabot version: 0.109.0 Started
2020-02-22 11:18:25,354 - instabot version: 0.109.0 (bot) - DEBUG - Bot imported from /Users/niels/Documents/instabot/examples/../instabot/bot/bot.py
2020-02-22 11:18:26,185 - instabot version: 0.109.0 (api_login) - DEBUG - Loading cookies
2020-02-22 11:18:26,185 - instabot version: 0.109.0 (api_login) - DEBUG - Loading uuids
2020-02-22 11:18:26,185 - instabot version: 0.109.0 (api_login) - INFO - Recovery from /Users/niels/Documents/instabot/examples/config/dronevlieger_uuid_and_cookie.json: COOKIE True - UUIDs True - TIMING, DEVICE and ...
- user-agent=Instagram 117.0.0.28.123 Android (28/9.0; 420dpi; 1080x1920; OnePlus; ONEPLUS A3003; OnePlus3; qcom; en_US; 180322800)
- phone_id=d936e783-96b0-4684-b21b-2afb58ecfcf7
- uuid=122b7682-5cd8-41d4-a8db-31a23d014db0
- client_session_id=bdef51f8-9da5-43c9-8796-4c66a73ef6f1
- device_id=android-17757404dd6a9a97
2020-02-22 11:18:26,185 - instabot version: 0.109.0 (api_login) - INFO - LOGIN FLOW! Just logged-in: False
2020-02-22 11:18:28,739 - instabot version: 0.109.0 (api) - DEBUG - POST to endpoint: feed/timeline/ returned response: <Response [200]>
2020-02-22 11:18:30,297 - instabot version: 0.109.0 (api) - DEBUG - POST to endpoint: feed/reels_tray/ returned response: <Response [200]>
2020-02-22 11:18:30,306 - instabot version: 0.109.0 (api) - INFO - Logged-in successfully as 'dronevlieger'!
2020-02-22 11:18:30,306 - instabot version: 0.109.0 (bot_checkpoint) - DEBUG - Loading Checkpoint file from: /Users/niels/Documents/instabot/examples/config/dronevlieger.checkpoint
2020-02-22 11:18:43,839 - instabot version: 0.109.0 (bot_like) - INFO - Going to like media with hashtag #dronevlieger.
2020-02-22 11:18:47,781 - instabot version: 0.109.0 (api) - DEBUG - GET to endpoint: feed/tag/dronevlieger/?max_id=&rank_token=1689765421_122b7682-5cd8-41d4-a8db-31a23d014db0&ranked_content=true& returned response: <Response [200]>
2020-02-22 11:18:48,942 - instabot version: 0.109.0 (api) - DEBUG - GET to endpoint: tags/search/?is_typeahead=true&q=dronevlieger&rank_token=1689765421_122b7682-5cd8-41d4-a8db-31a23d014db0 returned response: <Response [200]>
2020-02-22 11:18:48,944 - instabot version: 0.109.0 (bot_like) - INFO - Going to like 86 medias.
2020-02-22 11:18:49,995 - instabot version: 0.109.0 (api) - DEBUG - GET to endpoint: media/2249298666192001156_2216529073/info/ returned response: <Response [200]>
2020-02-22 11:18:51,042 - instabot version: 0.109.0 (api) - DEBUG - GET to endpoint: media/2249298666192001156_2216529073/info/ returned response: <Response [200]>
2020-02-22 11:18:52,091 - instabot version: 0.109.0 (api) - DEBUG - GET to endpoint: media/2249298666192001156_2216529073/comments/ returned response: <Response [200]>
2020-02-22 11:20:23,007 - instabot version: 0.109.0 (api) - DEBUG - GET to endpoint: media/2249229006285009053_1519045214/info/ returned response: <Response [200]>
2020-02-22 11:20:24,029 - instabot version: 0.109.0 (api) - DEBUG - GET to endpoint: media/2249229006285009053_1519045214/info/ returned response: <Response [200]>
2020-02-22 11:20:25,101 - instabot version: 0.109.0 (api) - DEBUG - GET to endpoint: media/2249229006285009053_1519045214/comments/ returned response: <Response [200]>
2020-02-22 11:23:13,157 - instabot version: 0.109.0 (api) - DEBUG - GET to endpoint: media/2248533563385152125_1519045214/info/ returned response: <Response [200]>
2020-02-22 11:23:14,186 - instabot version: 0.109.0 (api) - DEBUG - GET to endpoint: media/2248533563385152125_1519045214/info/ returned response: <Response [200]>
2020-02-22 11:23:15,178 - instabot version: 0.109.0 (api) - DEBUG - GET to endpoint: media/2248533563385152125_1519045214/comments/ returned response: <Response [200]>
2020-02-22 11:25:51,952 - instabot version: 0.109.0 (api) - DEBUG - GET to endpoint: media/2248378236865913555_8463807667/info/ returned response: <Response [200]>
2020-02-22 11:25:52,873 - instabot version: 0.109.0 (api) - DEBUG - GET to endpoint: media/2248378236865913555_8463807667/info/ returned response: <Response [200]>
2020-02-22 11:25:53,758 - instabot version: 0.109.0 (api) - DEBUG - GET to endpoint: media/2248378236865913555_8463807667/comments/ returned response: <Response [200]>
2020-02-22 11:30:34,628 - instabot version: 0.109.0 (api) - DEBUG - GET to endpoint: media/2248227441411543707_22969803623/info/ returned response: <Response [200]>
2020-02-22 11:30:35,540 - instabot version: 0.109.0 (api) - DEBUG - GET to endpoint: media/2248227441411543707_22969803623/info/ returned response: <Response [200]>
2020-02-22 11:30:36,425 - instabot version: 0.109.0 (api) - DEBUG - GET to endpoint: media/2248227441411543707_22969803623/comments/ returned response: <Response [200]>
2020-02-22 11:33:06,770 - instabot version: 0.109.0 (bot_checkpoint) - DEBUG - Saving Checkpoint file to: /Users/niels/Documents/instabot/examples/config/dronevlieger.checkpoint
2020-02-22 11:33:06,775 - instabot version: 0.109.0 (bot) - INFO - Total requests: 69
