2020-03-07 15:27:02,375 - instabot version: 0.113.0 (bot) - INFO - Instabot version: 0.113.0 Started
2020-03-07 15:27:02,376 - instabot version: 0.113.0 (bot) - DEBUG - Bot imported from /Users/niels/Documents/instabot/examples/../instabot/bot/bot.py
2020-03-07 15:27:02,802 - instabot version: 0.113.0 (api_login) - INFO - Not yet logged in starting: PRE-LOGIN FLOW!
2020-03-07 15:27:03,144 - instabot version: 0.113.0 (api) - DEBUG - POST to endpoint: accounts/contact_point_prefill/ returned response: <Response [200]>
2020-03-07 15:27:03,392 - instabot version: 0.113.0 (api) - DEBUG - POST to endpoint: qe/sync/ returned response: <Response [200]>
2020-03-07 15:27:03,662 - instabot version: 0.113.0 (api) - DEBUG - POST to endpoint: launcher/sync/ returned response: <Response [200]>
2020-03-07 15:27:04,298 - instabot version: 0.113.0 (api) - DEBUG - POST to endpoint: accounts/get_prefill_candidates/ returned response: <Response [200]>
2020-03-07 15:27:05,688 - instabot version: 0.113.0 (api) - DEBUG - POST to endpoint: accounts/login/ returned response: <Response [200]>
2020-03-07 15:27:05,688 - instabot version: 0.113.0 (api) - INFO - Logged-in successfully as 'nielzdronepilot'!
2020-03-07 15:27:05,688 - instabot version: 0.113.0 (api_login) - INFO - LOGIN FLOW! Just logged-in: True
2020-03-07 15:27:06,015 - instabot version: 0.113.0 (api) - DEBUG - POST to endpoint: launcher/sync/ returned response: <Response [200]>
2020-03-07 15:27:06,304 - instabot version: 0.113.0 (api) - DEBUG - GET to endpoint: multiple_accounts/get_account_family/ returned response: <Response [200]>
2020-03-07 15:27:06,616 - instabot version: 0.113.0 (api) - DEBUG - GET to endpoint: zr/token/result/?device_id=android-de3955d33540d9b9&token_hash=&custom_device_id=e61871bc-a8e8-4e05-bbdd-9a373ff3fe04&fetch_reason=token_expired returned response: <Response [200]>
2020-03-07 15:27:07,528 - instabot version: 0.113.0 (api) - DEBUG - POST to endpoint: qe/sync/ returned response: <Response [200]>
2020-03-07 15:27:07,816 - instabot version: 0.113.0 (api) - DEBUG - GET to endpoint: banyan/banyan/?views=["story_share_sheet","threads_people_picker","group_stories_share_sheet","reshare_share_sheet"] returned response: <Response [200]>
2020-03-07 15:27:08,077 - instabot version: 0.113.0 (api) - DEBUG - POST to endpoint: creatives/ar_class/ returned response: <Response [200]>
2020-03-07 15:27:08,732 - instabot version: 0.113.0 (api) - DEBUG - POST to endpoint: feed/reels_tray/ returned response: <Response [200]>
2020-03-07 15:27:10,900 - instabot version: 0.113.0 (api) - DEBUG - POST to endpoint: feed/timeline/ returned response: <Response [200]>
2020-03-07 15:27:11,456 - instabot version: 0.113.0 (api) - DEBUG - POST to endpoint: push/register/ returned response: <Response [200]>
2020-03-07 15:27:11,715 - instabot version: 0.113.0 (api) - DEBUG - GET to endpoint: media/blocked/ returned response: <Response [200]>
2020-03-07 15:27:11,998 - instabot version: 0.113.0 (api) - DEBUG - GET to endpoint: loom/fetch_config/ returned response: <Response [200]>
2020-03-07 15:27:12,735 - instabot version: 0.113.0 (api) - DEBUG - GET to endpoint: news/inbox/ returned response: <Response [200]>
2020-03-07 15:27:12,998 - instabot version: 0.113.0 (api) - DEBUG - GET to endpoint: business/branded_content/should_require_professional_account/ returned response: <Response [200]>
2020-03-07 15:27:15,974 - instabot version: 0.113.0 (api) - DEBUG - GET to endpoint: scores/bootstrap/users/?surfaces=["autocomplete_user_list","coefficient_besties_list_ranking","coefficient_rank_recipient_user_suggestion","coefficient_ios_section_test_bootstrap_ranking","coefficient_direct_recipients_ranking_variant_2"] returned response: <Response [200]>
2020-03-07 15:27:16,273 - instabot version: 0.113.0 (api) - DEBUG - GET to endpoint: business/eligibility/get_monetization_products_eligibility_data/?product_types=branded_content returned response: <Response [200]>
2020-03-07 15:27:16,588 - instabot version: 0.113.0 (api) - DEBUG - GET to endpoint: linked_accounts/get_linkage_status/ returned response: <Response [200]>
2020-03-07 15:27:16,868 - instabot version: 0.113.0 (api) - DEBUG - GET to endpoint: qp/get_cooldowns/?signed_body=7263dc0e7fba056da698c7021680afda4cf226fba73ae3aa14290eec84f18438.4&ig_sig_key_version=4 returned response: <Response [200]>
2020-03-07 15:27:17,191 - instabot version: 0.113.0 (api) - DEBUG - POST to endpoint: push/register/ returned response: <Response [200]>
2020-03-07 15:27:17,610 - instabot version: 0.113.0 (api) - DEBUG - GET to endpoint: users/arlink_download_info/?version_override=2.2.1 returned response: <Response [200]>
2020-03-07 15:27:18,273 - instabot version: 0.113.0 (api) - DEBUG - GET to endpoint: users/3149016955/info/ returned response: <Response [200]>
2020-03-07 15:27:18,649 - instabot version: 0.113.0 (api) - DEBUG - POST to endpoint: creatives/write_supported_capabilities/ returned response: <Response [500]>
2020-03-07 15:27:18,649 - instabot version: 0.113.0 (api) - DEBUG - Responsecode indicates error; response content: b'Oops, an error occurred.\n'
2020-03-07 15:27:18,649 - instabot version: 0.113.0 (api) - ERROR - Request returns 500 error!
2020-03-07 15:27:18,649 - instabot version: 0.113.0 (api) - ERROR - Error checking for `feedback_required`, response text is not JSON
2020-03-07 15:27:18,649 - instabot version: 0.113.0 (api) - INFO - Full Response: <Response [500]>
2020-03-07 15:27:18,650 - instabot version: 0.113.0 (api) - INFO - Response Text: Oops, an error occurred.

2020-03-07 15:27:18,650 - instabot version: 0.113.0 (api) - ERROR - Error unknown send request
