2020-03-07 15:57:48,539 - instabot version: 0.113.0 (bot) - INFO - Instabot version: 0.113.0 Started
2020-03-07 15:57:48,539 - instabot version: 0.113.0 (bot) - DEBUG - Bot imported from /Users/niels/Documents/instabot/examples/../instabot/bot/bot.py
2020-03-07 15:57:48,902 - instabot version: 0.113.0 (api_login) - INFO - Not yet logged in starting: PRE-LOGIN FLOW!
2020-03-07 15:57:49,435 - instabot version: 0.113.0 (api) - DEBUG - POST to endpoint: accounts/contact_point_prefill/ returned response: <Response [200]>
2020-03-07 15:57:50,074 - instabot version: 0.113.0 (api) - DEBUG - POST to endpoint: qe/sync/ returned response: <Response [200]>
2020-03-07 15:57:50,605 - instabot version: 0.113.0 (api) - DEBUG - POST to endpoint: launcher/sync/ returned response: <Response [200]>
2020-03-07 15:57:51,171 - instabot version: 0.113.0 (api) - DEBUG - POST to endpoint: accounts/get_prefill_candidates/ returned response: <Response [200]>
2020-03-07 15:57:53,777 - instabot version: 0.113.0 (api) - DEBUG - POST to endpoint: accounts/login/ returned response: <Response [200]>
2020-03-07 15:57:53,777 - instabot version: 0.113.0 (api) - INFO - Logged-in successfully as 'nielzdronepilot'!
2020-03-07 15:57:53,777 - instabot version: 0.113.0 (api_login) - INFO - LOGIN FLOW! Just logged-in: True
2020-03-07 15:57:54,354 - instabot version: 0.113.0 (api) - DEBUG - POST to endpoint: launcher/sync/ returned response: <Response [200]>
2020-03-07 15:57:54,920 - instabot version: 0.113.0 (api) - DEBUG - GET to endpoint: multiple_accounts/get_account_family/ returned response: <Response [200]>
2020-03-07 15:57:55,503 - instabot version: 0.113.0 (api) - DEBUG - GET to endpoint: zr/token/result/?device_id=android-de3955d33540d9b9&token_hash=&custom_device_id=4ee71c8d-2a9c-4a95-b0e7-436bf78e743d&fetch_reason=token_expired returned response: <Response [200]>
2020-03-07 15:57:56,458 - instabot version: 0.113.0 (api) - DEBUG - POST to endpoint: qe/sync/ returned response: <Response [200]>
2020-03-07 15:57:57,031 - instabot version: 0.113.0 (api) - DEBUG - GET to endpoint: banyan/banyan/?views=["story_share_sheet","threads_people_picker","group_stories_share_sheet","reshare_share_sheet"] returned response: <Response [200]>
2020-03-07 15:57:57,575 - instabot version: 0.113.0 (api) - DEBUG - POST to endpoint: creatives/ar_class/ returned response: <Response [200]>
2020-03-07 15:57:58,470 - instabot version: 0.113.0 (api) - DEBUG - POST to endpoint: feed/reels_tray/ returned response: <Response [200]>
2020-03-07 15:58:00,610 - instabot version: 0.113.0 (api) - DEBUG - POST to endpoint: feed/timeline/ returned response: <Response [200]>
2020-03-07 15:58:01,536 - instabot version: 0.113.0 (api) - DEBUG - POST to endpoint: push/register/ returned response: <Response [200]>
2020-03-07 15:58:02,119 - instabot version: 0.113.0 (api) - DEBUG - GET to endpoint: media/blocked/ returned response: <Response [200]>
2020-03-07 15:58:02,678 - instabot version: 0.113.0 (api) - DEBUG - GET to endpoint: loom/fetch_config/ returned response: <Response [200]>
2020-03-07 15:58:03,739 - instabot version: 0.113.0 (api) - DEBUG - GET to endpoint: news/inbox/ returned response: <Response [200]>
2020-03-07 15:58:04,310 - instabot version: 0.113.0 (api) - DEBUG - GET to endpoint: business/branded_content/should_require_professional_account/ returned response: <Response [200]>
2020-03-07 15:58:06,042 - instabot version: 0.113.0 (api) - DEBUG - GET to endpoint: scores/bootstrap/users/?surfaces=["autocomplete_user_list","coefficient_besties_list_ranking","coefficient_rank_recipient_user_suggestion","coefficient_ios_section_test_bootstrap_ranking","coefficient_direct_recipients_ranking_variant_2"] returned response: <Response [200]>
2020-03-07 15:58:06,598 - instabot version: 0.113.0 (api) - DEBUG - GET to endpoint: business/eligibility/get_monetization_products_eligibility_data/?product_types=branded_content returned response: <Response [200]>
2020-03-07 15:58:07,168 - instabot version: 0.113.0 (api) - DEBUG - GET to endpoint: linked_accounts/get_linkage_status/ returned response: <Response [200]>
2020-03-07 15:58:07,720 - instabot version: 0.113.0 (api) - DEBUG - GET to endpoint: qp/get_cooldowns/?signed_body=7263dc0e7fba056da698c7021680afda4cf226fba73ae3aa14290eec84f18438.4&ig_sig_key_version=4 returned response: <Response [200]>
2020-03-07 15:58:08,321 - instabot version: 0.113.0 (api) - DEBUG - POST to endpoint: push/register/ returned response: <Response [200]>
2020-03-07 15:58:08,884 - instabot version: 0.113.0 (api) - DEBUG - GET to endpoint: users/arlink_download_info/?version_override=2.2.1 returned response: <Response [200]>
2020-03-07 15:58:09,684 - instabot version: 0.113.0 (api) - DEBUG - GET to endpoint: users/3149016955/info/ returned response: <Response [200]>
2020-03-07 15:58:10,238 - instabot version: 0.113.0 (api) - DEBUG - GET to endpoint: direct_v2/get_presence/ returned response: <Response [200]>
2020-03-07 15:58:10,800 - instabot version: 0.113.0 (api) - DEBUG - GET to endpoint: direct_v2/inbox/?visual_message_return_type=unseen&persistentBadging=true&limit=0 returned response: <Response [200]>
2020-03-07 15:58:11,428 - instabot version: 0.113.0 (api) - DEBUG - GET to endpoint: discover/topical_explore/?is_prefetch=true&omit_cover_media=true&use_sectional_payload=true&timezone_offset=0&session_id=2d5ea56b-8976-40af-92d9-299fae24b9f7&include_fixed_destinations=true returned response: <Response [200]>
2020-03-07 15:58:12,243 - instabot version: 0.113.0 (api) - DEBUG - POST to endpoint: qp/batch_fetch/ returned response: <Response [400]>
2020-03-07 15:58:12,244 - instabot version: 0.113.0 (api) - DEBUG - Responsecode indicates error; response content: b'{"message": "FAILURE", "status": "fail"}'
2020-03-07 15:58:12,244 - instabot version: 0.113.0 (api) - ERROR - Request returns 400 error!
2020-03-07 15:58:12,244 - instabot version: 0.113.0 (api) - INFO - Instagram's error message: FAILURE
2020-03-07 15:58:12,244 - instabot version: 0.113.0 (api) - INFO - Instagram's error message: {}
2020-03-07 15:58:14,726 - instabot version: 0.113.0 (api) - DEBUG - GET to endpoint: direct_v2/inbox/?visual_message_return_type=unseen&thread_message_limit=10&persistentBadging=true&limit=20 returned response: <Response [200]>
2020-03-07 15:58:15,289 - instabot version: 0.113.0 (api) - DEBUG - POST to endpoint: notifications/badge/ returned response: <Response [200]>
2020-03-07 15:58:15,888 - instabot version: 0.113.0 (api) - DEBUG - GET to endpoint: facebook_ota/?fields=update{download_uri,download_uri_delta_base,version_code_delta_base,download_uri_delta,fallback_to_full_update,file_size_delta,version_code,published_date,file_size,ota_bundle_type,resources_checksum,allowed_networks,release_id}&custom_user_id=3149016955&signed_body=7263dc0e7fba056da698c7021680afda4cf226fba73ae3aa14290eec84f18438.4&ig_sig_key_version=4&version_code=200396023&version_name=130.0.0.31.121&custom_app_id=124024574287414&custom_device_id=android-de3955d33540d9b9 returned response: <Response [200]>
