2020-03-07 12:17:47,252 - instabot version: 0.110.0 (bot) - INFO - Instabot version: 0.110.0 Started
2020-03-07 12:17:47,252 - instabot version: 0.110.0 (bot) - DEBUG - Bot imported from /Users/niels/Documents/instabot/examples/../instabot/bot/bot.py
2020-03-07 12:17:48,856 - instabot version: 0.110.0 (api_login) - DEBUG - Loading cookies
2020-03-07 12:17:48,857 - instabot version: 0.110.0 (api_login) - DEBUG - Loading uuids
2020-03-07 12:17:48,857 - instabot version: 0.110.0 (api_login) - INFO - Recovery from /Users/niels/Documents/instabot/examples/config/nielzdronepilot_uuid_and_cookie.json: COOKIE True - UUIDs True - TIMING, DEVICE and ...
- user-agent=Instagram 117.0.0.28.123 Android (28/9.0; 420dpi; 1080x1920; OnePlus; ONEPLUS A3003; OnePlus3; qcom; en_US; 180322800)
- phone_id=73c20806-b54f-4f04-82d8-5a29c1515088
- uuid=0dff9f17-0b5d-4570-92d5-e293b857d410
- client_session_id=57742e27-df50-4de0-9f68-8031fc5a1e05
- device_id=android-de3955d33540d9b9
2020-03-07 12:17:48,857 - instabot version: 0.110.0 (api_login) - INFO - LOGIN FLOW! Just logged-in: False
2020-03-07 12:17:49,498 - instabot version: 0.110.0 (api) - DEBUG - POST to endpoint: feed/timeline/ returned response: <Response [403]>
2020-03-07 12:17:49,498 - instabot version: 0.110.0 (api) - DEBUG - Responsecode indicates error; response content: b'{"message": "user_has_logged_out", "logout_reason": 9, "status": "fail"}'
2020-03-07 12:17:49,498 - instabot version: 0.110.0 (api) - ERROR - Request returns 403 error!
2020-03-07 12:17:50,075 - instabot version: 0.110.0 (api) - DEBUG - POST to endpoint: feed/reels_tray/ returned response: <Response [403]>
2020-03-07 12:17:50,075 - instabot version: 0.110.0 (api) - DEBUG - Responsecode indicates error; response content: b'{"message": "user_has_logged_out", "logout_reason": 9, "status": "fail"}'
2020-03-07 12:17:50,075 - instabot version: 0.110.0 (api) - ERROR - Request returns 403 error!
2020-03-07 12:17:50,076 - instabot version: 0.110.0 (api) - INFO - Login flow failed, the cookie is broken. Relogin again.
2020-03-07 12:17:50,076 - instabot version: 0.110.0 (api_login) - DEBUG - Loading cookies
2020-03-07 12:17:50,077 - instabot version: 0.110.0 (api_login) - DEBUG - Loading uuids
2020-03-07 12:17:50,077 - instabot version: 0.110.0 (api_login) - INFO - Recovery from /Users/niels/Documents/instabot/examples/config/nielzdronepilot_uuid_and_cookie.json: COOKIE True - UUIDs True - TIMING, DEVICE and ...
- user-agent=Instagram 117.0.0.28.123 Android (28/9.0; 420dpi; 1080x1920; OnePlus; ONEPLUS A3003; OnePlus3; qcom; en_US; 180322800)
- phone_id=73c20806-b54f-4f04-82d8-5a29c1515088
- uuid=0dff9f17-0b5d-4570-92d5-e293b857d410
- client_session_id=57742e27-df50-4de0-9f68-8031fc5a1e05
- device_id=android-de3955d33540d9b9
2020-03-07 12:17:50,077 - instabot version: 0.110.0 (api_login) - INFO - Not yet logged in starting: PRE-LOGIN FLOW!
2020-03-07 12:17:50,720 - instabot version: 0.110.0 (api) - DEBUG - POST to endpoint: accounts/get_prefill_candidates/ returned response: <Response [200]>
2020-03-07 12:17:51,449 - instabot version: 0.110.0 (api) - DEBUG - POST to endpoint: qe/sync/ returned response: <Response [200]>
2020-03-07 12:17:52,054 - instabot version: 0.110.0 (api) - DEBUG - POST to endpoint: launcher/sync/ returned response: <Response [200]>
2020-03-07 12:17:52,641 - instabot version: 0.110.0 (api) - DEBUG - POST to endpoint: accounts/contact_point_prefill/ returned response: <Response [200]>
2020-03-07 12:17:54,393 - instabot version: 0.110.0 (api) - DEBUG - POST to endpoint: accounts/login/ returned response: <Response [200]>
2020-03-07 12:17:54,393 - instabot version: 0.110.0 (api) - INFO - Logged-in successfully as 'nielzdronepilot'!
2020-03-07 12:17:54,394 - instabot version: 0.110.0 (api_login) - INFO - LOGIN FLOW! Just logged-in: True
2020-03-07 12:17:54,971 - instabot version: 0.110.0 (api) - DEBUG - GET to endpoint: multiple_accounts/get_account_family/ returned response: <Response [200]>
2020-03-07 12:17:56,107 - instabot version: 0.110.0 (api) - DEBUG - POST to endpoint: feed/reels_tray/ returned response: <Response [200]>
2020-03-07 12:17:57,665 - instabot version: 0.110.0 (api) - DEBUG - POST to endpoint: feed/timeline/ returned response: <Response [200]>
2020-03-07 12:17:58,200 - instabot version: 0.110.0 (api) - DEBUG - GET to endpoint: media/blocked/ returned response: <Response [200]>
2020-03-07 12:18:00,286 - instabot version: 0.110.0 (api) - DEBUG - GET to endpoint: scores/bootstrap/users/?surfaces=["autocomplete_user_list","coefficient_besties_list_ranking","coefficient_rank_recipient_user_suggestion","coefficient_ios_section_test_bootstrap_ranking","coefficient_direct_recipients_ranking_variant_2"] returned response: <Response [200]>
2020-03-07 12:18:01,961 - instabot version: 0.110.0 (api) - DEBUG - GET to endpoint: news/inbox/ returned response: <Response [200]>
2020-03-07 12:18:02,546 - instabot version: 0.110.0 (api) - DEBUG - GET to endpoint: business/branded_content/should_require_professional_account/ returned response: <Response [200]>
2020-03-07 12:18:03,076 - instabot version: 0.110.0 (api) - DEBUG - GET to endpoint: linked_accounts/get_linkage_status/ returned response: <Response [200]>
2020-03-07 12:18:03,643 - instabot version: 0.110.0 (api) - DEBUG - GET to endpoint: qp/get_cooldowns/?signed_body=signed_body=4b9c516a5410a3bc128e09c6104a7f042146b9c2023870560c63a43a7f66781c.4&ig_sig_key_version=4&ig_sig_key_version=4 returned response: <Response [200]>
2020-03-07 12:18:04,199 - instabot version: 0.110.0 (api) - DEBUG - GET to endpoint: business/eligibility/get_monetization_products_eligibility_data/?product_types=branded_content returned response: <Response [200]>
2020-03-07 12:18:07,482 - instabot version: 0.110.0 (api) - DEBUG - GET to endpoint: direct_v2/inbox/?visual_message_return_type=unseen&thread_message_limit=10&persistentBadging=true&limit=20 returned response: <Response [200]>
2020-03-07 12:18:08,365 - instabot version: 0.110.0 (api) - DEBUG - GET to endpoint: direct_v2/inbox/?visual_message_return_type=unseen&persistentBadging=true&limit=0 returned response: <Response [200]>
2020-03-07 12:18:08,998 - instabot version: 0.110.0 (api) - DEBUG - GET to endpoint: direct_v2/get_presence/ returned response: <Response [200]>
2020-03-07 12:18:09,556 - instabot version: 0.110.0 (api) - DEBUG - GET to endpoint: loom/fetch_config/ returned response: <Response [200]>
2020-03-07 12:18:10,322 - instabot version: 0.110.0 (api) - DEBUG - GET to endpoint: discover/topical_explore/?is_prefetch=true&omit_cover_media=true&use_sectional_payload=true&timezone_offset=0&session_id=57742e27-df50-4de0-9f68-8031fc5a1e05&include_fixed_destinations=true returned response: <Response [200]>
2020-03-07 12:18:10,885 - instabot version: 0.110.0 (api) - DEBUG - POST to endpoint: notifications/badge/ returned response: <Response [200]>
2020-03-07 12:18:11,670 - instabot version: 0.110.0 (api) - DEBUG - POST to endpoint: qp/batch_fetch/ returned response: <Response [200]>
2020-03-07 12:18:11,671 - instabot version: 0.110.0 (bot_checkpoint) - DEBUG - Loading Checkpoint file from: /Users/niels/Documents/instabot/examples/config/nielzdronepilot.checkpoint
2020-03-07 12:18:13,731 - instabot version: 0.110.0 (api) - DEBUG - POST to endpoint: accounts/logout/ returned response: <Response [200]>
2020-03-07 12:18:13,731 - instabot version: 0.110.0 (bot) - INFO - Bot stopped. Worked: 0:01:16.682336
2020-03-07 12:18:13,731 - instabot version: 0.110.0 (bot_checkpoint) - DEBUG - Saving Checkpoint file to: /Users/niels/Documents/instabot/examples/config/nielzdronepilot.checkpoint
2020-03-07 12:18:13,732 - instabot version: 0.110.0 (bot) - INFO - Total requests: 24
2020-03-07 12:18:13,732 - instabot version: 0.110.0 (bot_checkpoint) - DEBUG - Saving Checkpoint file to: /Users/niels/Documents/instabot/examples/config/nielzdronepilot.checkpoint
2020-03-07 12:18:13,734 - instabot version: 0.110.0 (bot) - INFO - Total requests: 24
