2020-03-07 17:33:44,637 - instabot version: 0.113.0 (bot) - INFO - Instabot version: 0.113.0 Started
2020-03-07 17:33:44,637 - instabot version: 0.113.0 (bot) - DEBUG - Bot imported from /Users/niels/Documents/instabot/examples/../instabot/bot/bot.py
2020-03-07 17:33:46,067 - instabot version: 0.113.0 (api_login) - INFO - Not yet logged in starting: PRE-LOGIN FLOW!
2020-03-07 17:33:46,322 - instabot version: 0.113.0 (api) - DEBUG - POST to endpoint: accounts/contact_point_prefill/ returned response: <Response [200]>
2020-03-07 17:33:46,571 - instabot version: 0.113.0 (api) - DEBUG - POST to endpoint: qe/sync/ returned response: <Response [200]>
2020-03-07 17:33:46,851 - instabot version: 0.113.0 (api) - DEBUG - POST to endpoint: launcher/sync/ returned response: <Response [200]>
2020-03-07 17:33:47,091 - instabot version: 0.113.0 (api) - DEBUG - POST to endpoint: accounts/get_prefill_candidates/ returned response: <Response [200]>
2020-03-07 17:33:49,503 - instabot version: 0.113.0 (api) - DEBUG - POST to endpoint: accounts/login/ returned response: <Response [200]>
2020-03-07 17:33:49,503 - instabot version: 0.113.0 (api) - INFO - Logged-in successfully as 'dronevlieger'!
2020-03-07 17:33:49,503 - instabot version: 0.113.0 (api_login) - INFO - LOGIN FLOW! Just logged-in: True
2020-03-07 17:33:49,783 - instabot version: 0.113.0 (api) - DEBUG - POST to endpoint: launcher/sync/ returned response: <Response [200]>
2020-03-07 17:33:50,021 - instabot version: 0.113.0 (api) - DEBUG - GET to endpoint: multiple_accounts/get_account_family/ returned response: <Response [200]>
2020-03-07 17:33:50,254 - instabot version: 0.113.0 (api) - DEBUG - GET to endpoint: zr/token/result/?device_id=android-e686a39202eb9294&token_hash=&custom_device_id=f4a4b377-c103-4856-abaa-6312a5d2cef8&fetch_reason=token_expired returned response: <Response [200]>
2020-03-07 17:33:50,748 - instabot version: 0.113.0 (api) - DEBUG - POST to endpoint: qe/sync/ returned response: <Response [200]>
2020-03-07 17:33:51,028 - instabot version: 0.113.0 (api) - DEBUG - GET to endpoint: banyan/banyan/?views=["story_share_sheet","threads_people_picker","group_stories_share_sheet","reshare_share_sheet"] returned response: <Response [200]>
2020-03-07 17:33:51,264 - instabot version: 0.113.0 (api) - DEBUG - POST to endpoint: creatives/ar_class/ returned response: <Response [200]>
2020-03-07 17:33:52,100 - instabot version: 0.113.0 (api) - DEBUG - POST to endpoint: feed/reels_tray/ returned response: <Response [200]>
2020-03-07 17:33:53,441 - instabot version: 0.113.0 (api) - DEBUG - POST to endpoint: feed/timeline/ returned response: <Response [200]>
2020-03-07 17:33:53,920 - instabot version: 0.113.0 (api) - DEBUG - POST to endpoint: push/register/ returned response: <Response [200]>
2020-03-07 17:33:54,153 - instabot version: 0.113.0 (api) - DEBUG - GET to endpoint: media/blocked/ returned response: <Response [200]>
2020-03-07 17:33:54,413 - instabot version: 0.113.0 (api) - DEBUG - GET to endpoint: loom/fetch_config/ returned response: <Response [200]>
2020-03-07 17:33:55,155 - instabot version: 0.113.0 (api) - DEBUG - GET to endpoint: news/inbox/ returned response: <Response [200]>
2020-03-07 17:33:55,393 - instabot version: 0.113.0 (api) - DEBUG - GET to endpoint: business/branded_content/should_require_professional_account/ returned response: <Response [200]>
2020-03-07 17:33:58,117 - instabot version: 0.113.0 (api) - DEBUG - GET to endpoint: scores/bootstrap/users/?surfaces=["autocomplete_user_list","coefficient_besties_list_ranking","coefficient_rank_recipient_user_suggestion","coefficient_ios_section_test_bootstrap_ranking","coefficient_direct_recipients_ranking_variant_2"] returned response: <Response [200]>
2020-03-07 17:33:58,365 - instabot version: 0.113.0 (api) - DEBUG - GET to endpoint: business/eligibility/get_monetization_products_eligibility_data/?product_types=branded_content returned response: <Response [200]>
2020-03-07 17:33:58,611 - instabot version: 0.113.0 (api) - DEBUG - GET to endpoint: linked_accounts/get_linkage_status/ returned response: <Response [200]>
2020-03-07 17:33:58,844 - instabot version: 0.113.0 (api) - DEBUG - GET to endpoint: qp/get_cooldowns/?signed_body=7263dc0e7fba056da698c7021680afda4cf226fba73ae3aa14290eec84f18438.4&ig_sig_key_version=4 returned response: <Response [200]>
2020-03-07 17:33:59,101 - instabot version: 0.113.0 (api) - DEBUG - POST to endpoint: push/register/ returned response: <Response [200]>
2020-03-07 17:33:59,331 - instabot version: 0.113.0 (api) - DEBUG - GET to endpoint: users/arlink_download_info/?version_override=2.2.1 returned response: <Response [200]>
2020-03-07 17:33:59,890 - instabot version: 0.113.0 (api) - DEBUG - GET to endpoint: users/1689765421/info/ returned response: <Response [200]>
2020-03-07 17:34:00,246 - instabot version: 0.113.0 (api) - DEBUG - GET to endpoint: direct_v2/get_presence/ returned response: <Response [200]>
2020-03-07 17:34:00,498 - instabot version: 0.113.0 (api) - DEBUG - GET to endpoint: direct_v2/inbox/?visual_message_return_type=unseen&persistentBadging=true&limit=0 returned response: <Response [200]>
2020-03-07 17:34:02,419 - instabot version: 0.113.0 (api) - DEBUG - GET to endpoint: discover/topical_explore/?is_prefetch=true&omit_cover_media=true&use_sectional_payload=true&timezone_offset=0&session_id=4f414a7d-ac7d-4978-ba81-27bf912749cb&include_fixed_destinations=true returned response: <Response [200]>
2020-03-07 17:34:04,182 - instabot version: 0.113.0 (api) - DEBUG - GET to endpoint: direct_v2/inbox/?visual_message_return_type=unseen&thread_message_limit=10&persistentBadging=true&limit=20 returned response: <Response [200]>
2020-03-07 17:34:04,430 - instabot version: 0.113.0 (api) - DEBUG - POST to endpoint: notifications/badge/ returned response: <Response [200]>
2020-03-07 17:34:04,692 - instabot version: 0.113.0 (api) - DEBUG - GET to endpoint: facebook_ota/?fields=update{download_uri,download_uri_delta_base,version_code_delta_base,download_uri_delta,fallback_to_full_update,file_size_delta,version_code,published_date,file_size,ota_bundle_type,resources_checksum,allowed_networks,release_id}&custom_user_id=3149016955&signed_body=7263dc0e7fba056da698c7021680afda4cf226fba73ae3aa14290eec84f18438.4&ig_sig_key_version=4&version_code=200396023&version_name=130.0.0.31.121&custom_app_id=124024574287414&custom_device_id=462c50c9-ceb2-461b-bca2-eb445832ad0b returned response: <Response [200]>
2020-03-07 17:34:04,693 - instabot version: 0.113.0 (bot_checkpoint) - DEBUG - Loading Checkpoint file from: /Users/niels/Documents/instabot/examples/config/dronevlieger.checkpoint
2020-03-07 17:48:27,528 - instabot version: 0.113.0 (api) - DEBUG - POST to endpoint: accounts/logout/ returned response: <Response [200]>
2020-03-07 17:48:27,530 - instabot version: 0.113.0 (bot) - INFO - Bot stopped. Worked: 0:14:42.893729
2020-03-07 17:48:27,530 - instabot version: 0.113.0 (bot_checkpoint) - DEBUG - Saving Checkpoint file to: /Users/niels/Documents/instabot/examples/config/dronevlieger.checkpoint
2020-03-07 17:48:27,531 - instabot version: 0.113.0 (bot) - INFO - Total requests: 32
2020-03-07 17:48:27,531 - instabot version: 0.113.0 (bot_checkpoint) - DEBUG - Saving Checkpoint file to: /Users/niels/Documents/instabot/examples/config/dronevlieger.checkpoint
2020-03-07 17:48:27,531 - instabot version: 0.113.0 (bot) - INFO - Total requests: 32
