2020-02-29 10:55:41,304 - instabot version: 0.110.0 (bot) - INFO - Instabot version: 0.110.0 Started
2020-02-29 10:55:41,304 - instabot version: 0.110.0 (bot) - DEBUG - Bot imported from /Users/niels/Documents/instabot/examples/../instabot/bot/bot.pyc
2020-02-29 10:55:42,285 - instabot version: 0.110.0 (api_login) - INFO - Not yet logged in starting: PRE-LOGIN FLOW!
2020-02-29 10:55:43,507 - instabot version: 0.110.0 (api) - DEBUG - POST to endpoint: accounts/get_prefill_candidates/ returned response: <Response [200]>
2020-02-29 10:55:45,766 - instabot version: 0.110.0 (api) - DEBUG - POST to endpoint: qe/sync/ returned response: <Response [200]>
2020-02-29 10:55:47,983 - instabot version: 0.110.0 (api) - DEBUG - POST to endpoint: accounts/contact_point_prefill/ returned response: <Response [200]>
2020-02-29 10:55:50,195 - instabot version: 0.110.0 (api) - DEBUG - POST to endpoint: launcher/sync/ returned response: <Response [200]>
2020-02-29 10:55:52,413 - instabot version: 0.110.0 (api) - DEBUG - POST to endpoint: accounts/get_prefill_candidates/ returned response: <Response [200]>
2020-02-29 10:55:54,630 - instabot version: 0.110.0 (api) - DEBUG - POST to endpoint: accounts/contact_point_prefill/ returned response: <Response [200]>
2020-02-29 10:55:55,857 - instabot version: 0.110.0 (api) - DEBUG - POST to endpoint: launcher/sync/ returned response: <Response [200]>
2020-02-29 10:55:57,100 - instabot version: 0.110.0 (api) - DEBUG - POST to endpoint: qe/sync/ returned response: <Response [200]>
2020-02-29 10:55:59,404 - instabot version: 0.110.0 (api) - DEBUG - POST to endpoint: accounts/login/ returned response: <Response [200]>
2020-02-29 10:55:59,405 - instabot version: 0.110.0 (api) - INFO - Logged-in successfully as 'nielzdronepilot'!
2020-02-29 10:55:59,405 - instabot version: 0.110.0 (api_login) - INFO - LOGIN FLOW! Just logged-in: True
2020-02-29 10:56:00,696 - instabot version: 0.110.0 (api) - DEBUG - POST to endpoint: qe/sync/ returned response: <Response [200]>
2020-02-29 10:56:02,965 - instabot version: 0.110.0 (api) - DEBUG - POST to endpoint: launcher/sync/ returned response: <Response [200]>
2020-02-29 10:56:04,214 - instabot version: 0.110.0 (api) - DEBUG - GET to endpoint: zr/token/result/?device_id=android-de3955d33540d9b9&token_hash=&custom_device_id=android-de3955d33540d9b9&fetch_reason=token_expired returned response: <Response [200]>
2020-02-29 10:56:06,477 - instabot version: 0.110.0 (api) - DEBUG - GET to endpoint: multiple_accounts/get_account_family/ returned response: <Response [200]>
2020-02-29 10:56:07,756 - instabot version: 0.110.0 (api) - DEBUG - POST to endpoint: qe/sync/ returned response: <Response [200]>
2020-02-29 10:56:11,012 - instabot version: 0.110.0 (api) - DEBUG - GET to endpoint: igtv/browse_feed/?prefetch=1 returned response: <Response [200]>
2020-02-29 10:56:13,277 - instabot version: 0.110.0 (api) - DEBUG - POST to endpoint: creatives/ar_class/ returned response: <Response [200]>
2020-02-29 10:56:15,959 - instabot version: 0.110.0 (api) - DEBUG - POST to endpoint: feed/reels_tray/ returned response: <Response [200]>
2020-02-29 10:56:18,606 - instabot version: 0.110.0 (api) - DEBUG - POST to endpoint: feed/timeline/ returned response: <Response [200]>
2020-02-29 10:56:19,965 - instabot version: 0.110.0 (api) - DEBUG - GET to endpoint: media/blocked/ returned response: <Response [200]>
2020-02-29 10:56:22,055 - instabot version: 0.110.0 (api) - DEBUG - GET to endpoint: news/inbox/ returned response: <Response [200]>
2020-02-29 10:56:23,335 - instabot version: 0.110.0 (api) - DEBUG - GET to endpoint: loom/fetch_config/ returned response: <Response [200]>
2020-02-29 10:56:25,687 - instabot version: 0.110.0 (api) - DEBUG - GET to endpoint: scores/bootstrap/users/?surfaces=["autocomplete_user_list","coefficient_besties_list_ranking","coefficient_rank_recipient_user_suggestion","coefficient_ios_section_test_bootstrap_ranking","coefficient_direct_recipients_ranking_variant_2"] returned response: <Response [200]>
2020-02-29 10:56:27,991 - instabot version: 0.110.0 (api) - DEBUG - GET to endpoint: business/eligibility/get_monetization_products_eligibility_data/?product_types=branded_content returned response: <Response [200]>
2020-02-29 10:56:30,236 - instabot version: 0.110.0 (api) - DEBUG - GET to endpoint: business/branded_content/should_require_professional_account/ returned response: <Response [200]>
2020-02-29 10:56:32,628 - instabot version: 0.110.0 (api) - DEBUG - GET to endpoint: linked_accounts/get_linkage_status/ returned response: <Response [200]>
2020-02-29 10:56:34,873 - instabot version: 0.110.0 (api) - DEBUG - GET to endpoint: locations/request_country/ returned response: <Response [200]>
2020-02-29 10:56:36,121 - instabot version: 0.110.0 (api) - DEBUG - GET to endpoint: qp/get_cooldowns/?signed_body=signed_body=4b9c516a5410a3bc128e09c6104a7f042146b9c2023870560c63a43a7f66781c.4&ig_sig_key_version=4&ig_sig_key_version=4 returned response: <Response [200]>
2020-02-29 10:56:37,375 - instabot version: 0.110.0 (api) - DEBUG - GET to endpoint: users/arlink_download_info/?version_override=2.2.1 returned response: <Response [200]>
2020-02-29 10:56:39,053 - instabot version: 0.110.0 (api) - DEBUG - GET to endpoint: users/3149016955/info/ returned response: <Response [200]>
2020-02-29 10:56:41,294 - instabot version: 0.110.0 (api) - DEBUG - GET to endpoint: direct_v2/get_presence/ returned response: <Response [200]>
2020-02-29 10:56:43,277 - instabot version: 0.110.0 (api) - DEBUG - GET to endpoint: direct_v2/inbox/?visual_message_return_type=unseen&thread_message_limit=10&persistentBadging=true&limit=20 returned response: <Response [200]>
2020-02-29 10:56:45,529 - instabot version: 0.110.0 (api) - DEBUG - GET to endpoint: direct_v2/inbox/?visual_message_return_type=unseen&persistentBadging=true&limit=0 returned response: <Response [200]>
2020-02-29 10:56:49,237 - instabot version: 0.110.0 (api) - DEBUG - GET to endpoint: discover/topical_explore/?is_prefetch=true&omit_cover_media=true&use_sectional_payload=true&timezone_offset=0&session_id=d8689b24-fbe7-4309-870a-acb06df0096e&include_fixed_destinations=true returned response: <Response [200]>
2020-02-29 10:56:51,488 - instabot version: 0.110.0 (api) - DEBUG - POST to endpoint: notifications/badge/ returned response: <Response [200]>
2020-02-29 10:56:53,865 - instabot version: 0.110.0 (api) - DEBUG - POST to endpoint: qp/batch_fetch/ returned response: <Response [200]>
