2020-03-07 15:57:12,741 - instabot version: 0.113.0 (bot) - INFO - Instabot version: 0.113.0 Started
2020-03-07 15:57:12,741 - instabot version: 0.113.0 (bot) - DEBUG - Bot imported from /Users/niels/Documents/instabot/examples/../instabot/bot/bot.py
2020-03-07 15:57:13,320 - instabot version: 0.113.0 (api_login) - INFO - Not yet logged in starting: PRE-LOGIN FLOW!
2020-03-07 15:57:13,605 - instabot version: 0.113.0 (api) - DEBUG - POST to endpoint: accounts/contact_point_prefill/ returned response: <Response [200]>
2020-03-07 15:57:13,848 - instabot version: 0.113.0 (api) - DEBUG - POST to endpoint: qe/sync/ returned response: <Response [200]>
2020-03-07 15:57:14,092 - instabot version: 0.113.0 (api) - DEBUG - POST to endpoint: launcher/sync/ returned response: <Response [200]>
2020-03-07 15:57:14,350 - instabot version: 0.113.0 (api) - DEBUG - POST to endpoint: accounts/get_prefill_candidates/ returned response: <Response [200]>
2020-03-07 15:57:16,717 - instabot version: 0.113.0 (api) - DEBUG - POST to endpoint: accounts/login/ returned response: <Response [200]>
2020-03-07 15:57:16,717 - instabot version: 0.113.0 (api) - INFO - Logged-in successfully as 'nielzdronepilot'!
2020-03-07 15:57:16,718 - instabot version: 0.113.0 (api_login) - INFO - LOGIN FLOW! Just logged-in: True
2020-03-07 15:57:17,037 - instabot version: 0.113.0 (api) - DEBUG - POST to endpoint: launcher/sync/ returned response: <Response [200]>
2020-03-07 15:57:17,304 - instabot version: 0.113.0 (api) - DEBUG - GET to endpoint: multiple_accounts/get_account_family/ returned response: <Response [200]>
2020-03-07 15:57:17,570 - instabot version: 0.113.0 (api) - DEBUG - GET to endpoint: zr/token/result/?device_id=android-de3955d33540d9b9&token_hash=&custom_device_id=12cc4560-7c9a-4976-b8d0-ab59f946ce99&fetch_reason=token_expired returned response: <Response [200]>
2020-03-07 15:57:18,847 - instabot version: 0.113.0 (api) - DEBUG - POST to endpoint: qe/sync/ returned response: <Response [200]>
2020-03-07 15:57:19,133 - instabot version: 0.113.0 (api) - DEBUG - GET to endpoint: banyan/banyan/?views=["story_share_sheet","threads_people_picker","group_stories_share_sheet","reshare_share_sheet"] returned response: <Response [200]>
2020-03-07 15:57:19,411 - instabot version: 0.113.0 (api) - DEBUG - POST to endpoint: creatives/ar_class/ returned response: <Response [200]>
2020-03-07 15:57:20,589 - instabot version: 0.113.0 (api) - DEBUG - POST to endpoint: feed/reels_tray/ returned response: <Response [200]>
2020-03-07 15:57:22,819 - instabot version: 0.113.0 (api) - DEBUG - POST to endpoint: feed/timeline/ returned response: <Response [200]>
2020-03-07 15:57:23,333 - instabot version: 0.113.0 (api) - DEBUG - POST to endpoint: push/register/ returned response: <Response [200]>
2020-03-07 15:57:23,609 - instabot version: 0.113.0 (api) - DEBUG - GET to endpoint: media/blocked/ returned response: <Response [200]>
2020-03-07 15:57:23,900 - instabot version: 0.113.0 (api) - DEBUG - GET to endpoint: loom/fetch_config/ returned response: <Response [200]>
2020-03-07 15:57:25,957 - instabot version: 0.113.0 (api) - DEBUG - GET to endpoint: news/inbox/ returned response: <Response [200]>
2020-03-07 15:57:26,528 - instabot version: 0.113.0 (api) - DEBUG - GET to endpoint: business/branded_content/should_require_professional_account/ returned response: <Response [200]>
2020-03-07 15:57:28,923 - instabot version: 0.113.0 (api) - DEBUG - GET to endpoint: scores/bootstrap/users/?surfaces=["autocomplete_user_list","coefficient_besties_list_ranking","coefficient_rank_recipient_user_suggestion","coefficient_ios_section_test_bootstrap_ranking","coefficient_direct_recipients_ranking_variant_2"] returned response: <Response [200]>
2020-03-07 15:57:29,488 - instabot version: 0.113.0 (api) - DEBUG - GET to endpoint: business/eligibility/get_monetization_products_eligibility_data/?product_types=branded_content returned response: <Response [200]>
2020-03-07 15:57:30,051 - instabot version: 0.113.0 (api) - DEBUG - GET to endpoint: linked_accounts/get_linkage_status/ returned response: <Response [200]>
2020-03-07 15:57:30,608 - instabot version: 0.113.0 (api) - DEBUG - GET to endpoint: qp/get_cooldowns/?signed_body=7263dc0e7fba056da698c7021680afda4cf226fba73ae3aa14290eec84f18438.4&ig_sig_key_version=4 returned response: <Response [200]>
2020-03-07 15:57:31,167 - instabot version: 0.113.0 (api) - DEBUG - POST to endpoint: push/register/ returned response: <Response [200]>
2020-03-07 15:57:31,716 - instabot version: 0.113.0 (api) - DEBUG - GET to endpoint: users/arlink_download_info/?version_override=2.2.1 returned response: <Response [200]>
2020-03-07 15:57:32,467 - instabot version: 0.113.0 (api) - DEBUG - GET to endpoint: users/3149016955/info/ returned response: <Response [200]>
2020-03-07 15:57:33,051 - instabot version: 0.113.0 (api) - DEBUG - POST to endpoint: accounts/process_contact_point_signals/ returned response: <Response [429]>
2020-03-07 15:57:33,051 - instabot version: 0.113.0 (api) - DEBUG - Responsecode indicates error; response content: b'{"message": "Please wait a few minutes before you try again.", "status": "fail"}'
2020-03-07 15:57:33,051 - instabot version: 0.113.0 (api) - ERROR - Request returns 429 error!
2020-03-07 15:57:33,051 - instabot version: 0.113.0 (api) - WARNING - That means 'too many requests'. I'll go to sleep for 5 minutes.
