2020-03-07 12:16:57,049 - instabot version: 0.110.0 (bot) - INFO - Instabot version: 0.110.0 Started
2020-03-07 12:16:57,049 - instabot version: 0.110.0 (bot) - DEBUG - Bot imported from /Users/niels/Documents/instabot/examples/../instabot/bot/bot.py
2020-03-07 12:17:05,299 - instabot version: 0.110.0 (api_login) - INFO - Not yet logged in starting: PRE-LOGIN FLOW!
2020-03-07 12:17:05,828 - instabot version: 0.110.0 (api) - DEBUG - POST to endpoint: accounts/get_prefill_candidates/ returned response: <Response [200]>
2020-03-07 12:17:06,469 - instabot version: 0.110.0 (api) - DEBUG - POST to endpoint: qe/sync/ returned response: <Response [200]>
2020-03-07 12:17:06,971 - instabot version: 0.110.0 (api) - DEBUG - POST to endpoint: launcher/sync/ returned response: <Response [200]>
2020-03-07 12:17:07,495 - instabot version: 0.110.0 (api) - DEBUG - POST to endpoint: accounts/contact_point_prefill/ returned response: <Response [200]>
2020-03-07 12:17:07,622 - instabot version: 0.110.0 (api) - INFO - #PWD_INSTAGRAM:4:1583579827:ATIwNYFJF0VnoCHEOPTK+zAwMDFUetDzKTiFxIYTuZebIce6Fp3//gKCxjvx1yO7bMgQhf9jWNFrXkphrBR+Hxx7yFAP9OAVaIdz8UeF94rXooiVrBq5r1qy7twl46U4HjvzF0zRkjU6a5dl2JNxxFvZeTZ0KhgpMQn4K7EqeK2wg7p5+msfPy+F9KLoa/7rW/Eo82uue83gxxsJ0hCc0Z/qNM9RKya494/5tTIRioH2PQCSDC36dilcZzCykr5ozdQ5mmg8iTIMOPDQSeEcMALckXnT6hXJKSE/QcMeITZ1ILZvld1g5l+ZUgFJ2E2eQMcGD0XnyN0Fex3eysFxlfSJEy/tl9BLIgCvF1y9CZOrXehDPih4JrQRNzTC/yaeBMZh2i91IbsP2pj2V+o=
2020-03-07 12:17:09,290 - instabot version: 0.110.0 (api) - DEBUG - POST to endpoint: accounts/login/ returned response: <Response [200]>
2020-03-07 12:17:09,291 - instabot version: 0.110.0 (api) - INFO - Logged-in successfully as 'nielzdronepilot'!
2020-03-07 12:17:09,291 - instabot version: 0.110.0 (api_login) - INFO - LOGIN FLOW! Just logged-in: True
2020-03-07 12:17:09,893 - instabot version: 0.110.0 (api) - DEBUG - GET to endpoint: multiple_accounts/get_account_family/ returned response: <Response [200]>
2020-03-07 12:17:11,356 - instabot version: 0.110.0 (api) - DEBUG - POST to endpoint: feed/reels_tray/ returned response: <Response [200]>
2020-03-07 12:17:13,470 - instabot version: 0.110.0 (api) - DEBUG - POST to endpoint: feed/timeline/ returned response: <Response [200]>
2020-03-07 12:17:14,006 - instabot version: 0.110.0 (api) - DEBUG - GET to endpoint: media/blocked/ returned response: <Response [200]>
2020-03-07 12:17:15,643 - instabot version: 0.110.0 (api) - DEBUG - GET to endpoint: scores/bootstrap/users/?surfaces=["autocomplete_user_list","coefficient_besties_list_ranking","coefficient_rank_recipient_user_suggestion","coefficient_ios_section_test_bootstrap_ranking","coefficient_direct_recipients_ranking_variant_2"] returned response: <Response [200]>
2020-03-07 12:17:17,211 - instabot version: 0.110.0 (api) - DEBUG - GET to endpoint: news/inbox/ returned response: <Response [200]>
2020-03-07 12:17:17,760 - instabot version: 0.110.0 (api) - DEBUG - GET to endpoint: business/branded_content/should_require_professional_account/ returned response: <Response [200]>
2020-03-07 12:17:18,319 - instabot version: 0.110.0 (api) - DEBUG - GET to endpoint: linked_accounts/get_linkage_status/ returned response: <Response [200]>
2020-03-07 12:17:18,875 - instabot version: 0.110.0 (api) - DEBUG - GET to endpoint: qp/get_cooldowns/?signed_body=signed_body=4b9c516a5410a3bc128e09c6104a7f042146b9c2023870560c63a43a7f66781c.4&ig_sig_key_version=4&ig_sig_key_version=4 returned response: <Response [200]>
2020-03-07 12:17:19,424 - instabot version: 0.110.0 (api) - DEBUG - GET to endpoint: business/eligibility/get_monetization_products_eligibility_data/?product_types=branded_content returned response: <Response [200]>
2020-03-07 12:17:21,278 - instabot version: 0.110.0 (api) - DEBUG - GET to endpoint: direct_v2/inbox/?visual_message_return_type=unseen&thread_message_limit=10&persistentBadging=true&limit=20 returned response: <Response [200]>
2020-03-07 12:17:21,889 - instabot version: 0.110.0 (api) - DEBUG - GET to endpoint: direct_v2/inbox/?visual_message_return_type=unseen&persistentBadging=true&limit=0 returned response: <Response [200]>
2020-03-07 12:17:22,518 - instabot version: 0.110.0 (api) - DEBUG - GET to endpoint: direct_v2/get_presence/ returned response: <Response [200]>
2020-03-07 12:17:23,056 - instabot version: 0.110.0 (api) - DEBUG - GET to endpoint: loom/fetch_config/ returned response: <Response [200]>
2020-03-07 12:17:24,976 - instabot version: 0.110.0 (api) - DEBUG - GET to endpoint: discover/topical_explore/?is_prefetch=true&omit_cover_media=true&use_sectional_payload=true&timezone_offset=0&session_id=57742e27-df50-4de0-9f68-8031fc5a1e05&include_fixed_destinations=true returned response: <Response [200]>
2020-03-07 12:17:25,535 - instabot version: 0.110.0 (api) - DEBUG - POST to endpoint: notifications/badge/ returned response: <Response [200]>
2020-03-07 12:17:26,364 - instabot version: 0.110.0 (api) - DEBUG - POST to endpoint: qp/batch_fetch/ returned response: <Response [200]>
2020-03-07 12:17:26,365 - instabot version: 0.110.0 (bot_checkpoint) - DEBUG - Loading Checkpoint file from: /Users/niels/Documents/instabot/examples/config/nielzdronepilot.checkpoint
2020-03-07 12:17:42,848 - instabot version: 0.110.0 (api) - DEBUG - POST to endpoint: accounts/logout/ returned response: <Response [200]>
2020-03-07 12:17:42,848 - instabot version: 0.110.0 (bot) - INFO - Bot stopped. Worked: 0:00:45.799492
2020-03-07 12:17:42,848 - instabot version: 0.110.0 (bot_checkpoint) - DEBUG - Saving Checkpoint file to: /Users/niels/Documents/instabot/examples/config/nielzdronepilot.checkpoint
2020-03-07 12:17:42,849 - instabot version: 0.110.0 (bot) - INFO - Total requests: 23
2020-03-07 12:17:42,849 - instabot version: 0.110.0 (bot_checkpoint) - DEBUG - Saving Checkpoint file to: /Users/niels/Documents/instabot/examples/config/nielzdronepilot.checkpoint
2020-03-07 12:17:42,850 - instabot version: 0.110.0 (bot) - INFO - Total requests: 23
